{"/Users/kynguyen/Documents/Workspace/PingMe/pingme-app/business/Config.ts": {"path":"/Users/kynguyen/Documents/Workspace/PingMe/pingme-app/business/Config.ts","statementMap":{"0":{"start":{"line":3,"column":19},"end":{"line":3,"column":28}},"1":{"start":{"line":7,"column":31},"end":{"line":7,"column":44}},"2":{"start":{"line":9,"column":15},"end":{"line":18,"column":1}},"3":{"start":{"line":20,"column":21},"end":{"line":20,"column":40}},"4":{"start":{"line":21,"column":21},"end":{"line":21,"column":40}},"5":{"start":{"line":23,"column":17},"end":{"line":27,"column":1}},"6":{"start":{"line":24,"column":2},"end":{"line":24,"column":12}},"7":{"start":{"line":25,"column":2},"end":{"line":25,"column":32}},"8":{"start":{"line":26,"column":2},"end":{"line":26,"column":32}},"9":{"start":{"line":29,"column":22},"end":{"line":29,"column":40}},"10":{"start":{"line":29,"column":37},"end":{"line":29,"column":40}},"11":{"start":{"line":31,"column":22},"end":{"line":39,"column":1}},"12":{"start":{"line":32,"column":2},"end":{"line":32,"column":16}},"13":{"start":{"line":33,"column":2},"end":{"line":37,"column":3}},"14":{"start":{"line":34,"column":4},"end":{"line":34,"column":53}},"15":{"start":{"line":36,"column":4},"end":{"line":36,"column":56}},"16":{"start":{"line":38,"column":2},"end":{"line":38,"column":13}},"17":{"start":{"line":41,"column":34},"end":{"line":51,"column":1}},"18":{"start":{"line":42,"column":2},"end":{"line":49,"column":3}},"19":{"start":{"line":43,"column":19},"end":{"line":43,"column":82}},"20":{"start":{"line":44,"column":4},"end":{"line":46,"column":5}},"21":{"start":{"line":45,"column":6},"end":{"line":45,"column":23}},"22":{"start":{"line":48,"column":4},"end":{"line":48,"column":60}},"23":{"start":{"line":50,"column":2},"end":{"line":50,"column":13}},"24":{"start":{"line":53,"column":25},"end":{"line":53,"column":39}},"25":{"start":{"line":54,"column":35},"end":{"line":54,"column":36}},"26":{"start":{"line":55,"column":26},"end":{"line":55,"column":27}},"27":{"start":{"line":56,"column":31},"end":{"line":56,"column":33}},"28":{"start":{"line":57,"column":24},"end":{"line":57,"column":28}},"29":{"start":{"line":58,"column":28},"end":{"line":58,"column":36}},"30":{"start":{"line":59,"column":23},"end":{"line":59,"column":47}}},"fnMap":{"0":{"name":"(anonymous_0)","decl":{"start":{"line":23,"column":17},"end":{"line":23,"column":18}},"loc":{"start":{"line":23,"column":35},"end":{"line":27,"column":1}},"line":23},"1":{"name":"(anonymous_1)","decl":{"start":{"line":29,"column":22},"end":{"line":29,"column":23}},"loc":{"start":{"line":29,"column":37},"end":{"line":29,"column":40}},"line":29},"2":{"name":"(anonymous_2)","decl":{"start":{"line":31,"column":22},"end":{"line":31,"column":23}},"loc":{"start":{"line":31,"column":64},"end":{"line":39,"column":1}},"line":31},"3":{"name":"(anonymous_3)","decl":{"start":{"line":41,"column":34},"end":{"line":41,"column":35}},"loc":{"start":{"line":41,"column":64},"end":{"line":51,"column":1}},"line":41}},"branchMap":{"0":{"loc":{"start":{"line":44,"column":4},"end":{"line":46,"column":5}},"type":"if","locations":[{"start":{"line":44,"column":4},"end":{"line":46,"column":5}},{"start":{},"end":{}}],"line":44},"1":{"loc":{"start":{"line":44,"column":8},"end":{"line":44,"column":55}},"type":"binary-expr","locations":[{"start":{"line":44,"column":8},"end":{"line":44,"column":31}},{"start":{"line":44,"column":35},"end":{"line":44,"column":55}}],"line":44}},"s":{"0":8,"1":8,"2":8,"3":8,"4":8,"5":8,"6":0,"7":0,"8":0,"9":8,"10":0,"11":8,"12":0,"13":0,"14":0,"15":0,"16":0,"17":8,"18":0,"19":0,"20":0,"21":0,"22":0,"23":0,"24":8,"25":8,"26":8,"27":8,"28":8,"29":8,"30":8},"f":{"0":0,"1":0,"2":0,"3":0},"b":{"0":[0,0],"1":[0,0]},"_coverageSchema":"1a1c01bbd47fc00a2c39e90264f33305004495a9","hash":"48758b974c668f404081b8aa69ab671bf3655545"}
,"/Users/kynguyen/Documents/Workspace/PingMe/pingme-app/business/Constants.ts": {"path":"/Users/kynguyen/Documents/Workspace/PingMe/pingme-app/business/Constants.ts","statementMap":{"0":{"start":{"line":1,"column":23},"end":{"line":1,"column":32}},"1":{"start":{"line":2,"column":22},"end":{"line":2,"column":30}},"2":{"start":{"line":3,"column":26},"end":{"line":3,"column":37}},"3":{"start":{"line":4,"column":24},"end":{"line":4,"column":33}},"4":{"start":{"line":5,"column":33},"end":{"line":5,"column":52}},"5":{"start":{"line":6,"column":31},"end":{"line":6,"column":48}},"6":{"start":{"line":7,"column":21},"end":{"line":7,"column":28}},"7":{"start":{"line":8,"column":23},"end":{"line":8,"column":32}},"8":{"start":{"line":9,"column":41},"end":{"line":9,"column":68}},"9":{"start":{"line":10,"column":42},"end":{"line":10,"column":70}},"10":{"start":{"line":11,"column":23},"end":{"line":11,"column":32}},"11":{"start":{"line":12,"column":21},"end":{"line":12,"column":28}},"12":{"start":{"line":13,"column":22},"end":{"line":13,"column":30}},"13":{"start":{"line":14,"column":27},"end":{"line":14,"column":40}},"14":{"start":{"line":15,"column":23},"end":{"line":15,"column":32}},"15":{"start":{"line":16,"column":20},"end":{"line":16,"column":26}},"16":{"start":{"line":17,"column":35},"end":{"line":17,"column":56}},"17":{"start":{"line":18,"column":23},"end":{"line":18,"column":32}},"18":{"start":{"line":19,"column":26},"end":{"line":19,"column":38}},"19":{"start":{"line":20,"column":34},"end":{"line":20,"column":35}},"20":{"start":{"line":21,"column":34},"end":{"line":21,"column":43}},"21":{"start":{"line":22,"column":23},"end":{"line":22,"column":32}},"22":{"start":{"line":23,"column":28},"end":{"line":23,"column":42}},"23":{"start":{"line":24,"column":20},"end":{"line":24,"column":26}},"24":{"start":{"line":25,"column":19},"end":{"line":25,"column":24}},"25":{"start":{"line":26,"column":25},"end":{"line":26,"column":36}},"26":{"start":{"line":27,"column":31},"end":{"line":27,"column":48}},"27":{"start":{"line":28,"column":22},"end":{"line":28,"column":30}},"28":{"start":{"line":29,"column":34},"end":{"line":29,"column":54}},"29":{"start":{"line":30,"column":28},"end":{"line":30,"column":42}},"30":{"start":{"line":31,"column":22},"end":{"line":31,"column":30}},"31":{"start":{"line":32,"column":34},"end":{"line":32,"column":54}},"32":{"start":{"line":33,"column":28},"end":{"line":33,"column":42}},"33":{"start":{"line":34,"column":21},"end":{"line":34,"column":24}},"34":{"start":{"line":35,"column":21},"end":{"line":35,"column":28}},"35":{"start":{"line":36,"column":28},"end":{"line":36,"column":96}},"36":{"start":{"line":38,"column":32},"end":{"line":38,"column":34}},"37":{"start":{"line":43,"column":22},"end":{"line":45,"column":1}},"38":{"start":{"line":47,"column":27},"end":{"line":49,"column":1}},"39":{"start":{"line":51,"column":25},"end":{"line":51,"column":36}},"40":{"start":{"line":52,"column":28},"end":{"line":52,"column":42}},"41":{"start":{"line":53,"column":33},"end":{"line":53,"column":47}}},"fnMap":{},"branchMap":{},"s":{"0":8,"1":8,"2":8,"3":8,"4":8,"5":8,"6":8,"7":8,"8":8,"9":8,"10":8,"11":8,"12":8,"13":8,"14":8,"15":8,"16":8,"17":8,"18":8,"19":8,"20":8,"21":8,"22":8,"23":8,"24":8,"25":8,"26":8,"27":8,"28":8,"29":8,"30":8,"31":8,"32":8,"33":8,"34":8,"35":8,"36":8,"37":8,"38":8,"39":8,"40":8,"41":8},"f":{},"b":{},"_coverageSchema":"1a1c01bbd47fc00a2c39e90264f33305004495a9","hash":"5f6d6ebf6a8d546cf0ba1a65ac4a38661bbfb757"}
,"/Users/kynguyen/Documents/Workspace/PingMe/pingme-app/business/CryptoUtils.ts": {"path":"/Users/kynguyen/Documents/Workspace/PingMe/pingme-app/business/CryptoUtils.ts","statementMap":{"0":{"start":{"line":19,"column":17},"end":{"line":19,"column":48}},"1":{"start":{"line":20,"column":4},"end":{"line":20,"column":19}},"2":{"start":{"line":21,"column":4},"end":{"line":21,"column":23}},"3":{"start":{"line":24,"column":4},"end":{"line":26,"column":5}},"4":{"start":{"line":25,"column":6},"end":{"line":25,"column":31}},"5":{"start":{"line":29,"column":23},"end":{"line":29,"column":54}},"6":{"start":{"line":32,"column":21},"end":{"line":32,"column":46}},"7":{"start":{"line":33,"column":4},"end":{"line":35,"column":5}},"8":{"start":{"line":34,"column":6},"end":{"line":34,"column":24}},"9":{"start":{"line":36,"column":21},"end":{"line":36,"column":64}},"10":{"start":{"line":37,"column":19},"end":{"line":37,"column":79}},"11":{"start":{"line":38,"column":17},"end":{"line":38,"column":34}},"12":{"start":{"line":39,"column":4},"end":{"line":39,"column":16}},"13":{"start":{"line":43,"column":19},"end":{"line":43,"column":75}},"14":{"start":{"line":44,"column":4},"end":{"line":44,"column":42}},"15":{"start":{"line":48,"column":4},"end":{"line":48,"column":22}},"16":{"start":{"line":52,"column":4},"end":{"line":52,"column":23}},"17":{"start":{"line":56,"column":4},"end":{"line":56,"column":27}},"18":{"start":{"line":60,"column":4},"end":{"line":60,"column":30}},"19":{"start":{"line":67,"column":18},"end":{"line":67,"column":37}},"20":{"start":{"line":68,"column":4},"end":{"line":68,"column":34}},"21":{"start":{"line":69,"column":12},"end":{"line":69,"column":14}},"22":{"start":{"line":70,"column":4},"end":{"line":72,"column":5}},"23":{"start":{"line":70,"column":17},"end":{"line":70,"column":18}},"24":{"start":{"line":71,"column":6},"end":{"line":71,"column":48}},"25":{"start":{"line":73,"column":4},"end":{"line":73,"column":13}},"26":{"start":{"line":77,"column":4},"end":{"line":77,"column":63}},"27":{"start":{"line":81,"column":4},"end":{"line":81,"column":37}},"28":{"start":{"line":85,"column":4},"end":{"line":85,"column":51}},"29":{"start":{"line":89,"column":4},"end":{"line":89,"column":43}},"30":{"start":{"line":90,"column":4},"end":{"line":90,"column":51}},"31":{"start":{"line":94,"column":4},"end":{"line":94,"column":83}},"32":{"start":{"line":98,"column":16},"end":{"line":98,"column":34}},"33":{"start":{"line":99,"column":4},"end":{"line":99,"column":18}},"34":{"start":{"line":100,"column":4},"end":{"line":100,"column":15}},"35":{"start":{"line":104,"column":14},"end":{"line":104,"column":27}},"36":{"start":{"line":105,"column":4},"end":{"line":105,"column":51}},"37":{"start":{"line":105,"column":45},"end":{"line":105,"column":51}},"38":{"start":{"line":106,"column":4},"end":{"line":106,"column":32}},"39":{"start":{"line":110,"column":4},"end":{"line":112,"column":5}},"40":{"start":{"line":111,"column":6},"end":{"line":111,"column":47}},"41":{"start":{"line":113,"column":4},"end":{"line":113,"column":37}},"42":{"start":{"line":117,"column":17},"end":{"line":117,"column":59}},"43":{"start":{"line":118,"column":16},"end":{"line":118,"column":41}},"44":{"start":{"line":119,"column":4},"end":{"line":119,"column":25}},"45":{"start":{"line":123,"column":4},"end":{"line":123,"column":45}},"46":{"start":{"line":127,"column":16},"end":{"line":127,"column":49}},"47":{"start":{"line":128,"column":4},"end":{"line":128,"column":31}},"48":{"start":{"line":135,"column":24},"end":{"line":135,"column":73}},"49":{"start":{"line":136,"column":14},"end":{"line":142,"column":5}},"50":{"start":{"line":143,"column":18},"end":{"line":143,"column":60}},"51":{"start":{"line":144,"column":18},"end":{"line":150,"column":5}},"52":{"start":{"line":151,"column":15},"end":{"line":151,"column":48}},"53":{"start":{"line":152,"column":16},"end":{"line":152,"column":46}},"54":{"start":{"line":153,"column":4},"end":{"line":153,"column":30}},"55":{"start":{"line":162,"column":24},"end":{"line":162,"column":73}},"56":{"start":{"line":163,"column":14},"end":{"line":169,"column":5}},"57":{"start":{"line":170,"column":18},"end":{"line":170,"column":56}},"58":{"start":{"line":171,"column":4},"end":{"line":171,"column":21}},"59":{"start":{"line":172,"column":4},"end":{"line":172,"column":30}},"60":{"start":{"line":173,"column":15},"end":{"line":177,"column":5}},"61":{"start":{"line":178,"column":4},"end":{"line":178,"column":30}}},"fnMap":{"0":{"name":"(anonymous_0)","decl":{"start":{"line":18,"column":2},"end":{"line":18,"column":3}},"loc":{"start":{"line":18,"column":68},"end":{"line":22,"column":3}},"line":18},"1":{"name":"(anonymous_1)","decl":{"start":{"line":23,"column":2},"end":{"line":23,"column":3}},"loc":{"start":{"line":23,"column":52},"end":{"line":40,"column":3}},"line":23},"2":{"name":"(anonymous_2)","decl":{"start":{"line":42,"column":2},"end":{"line":42,"column":3}},"loc":{"start":{"line":42,"column":70},"end":{"line":45,"column":3}},"line":42},"3":{"name":"(anonymous_3)","decl":{"start":{"line":47,"column":2},"end":{"line":47,"column":3}},"loc":{"start":{"line":47,"column":43},"end":{"line":49,"column":3}},"line":47},"4":{"name":"(anonymous_4)","decl":{"start":{"line":51,"column":2},"end":{"line":51,"column":3}},"loc":{"start":{"line":51,"column":43},"end":{"line":53,"column":3}},"line":51},"5":{"name":"(anonymous_5)","decl":{"start":{"line":55,"column":2},"end":{"line":55,"column":3}},"loc":{"start":{"line":55,"column":39},"end":{"line":57,"column":3}},"line":55},"6":{"name":"(anonymous_6)","decl":{"start":{"line":59,"column":2},"end":{"line":59,"column":3}},"loc":{"start":{"line":59,"column":35},"end":{"line":61,"column":3}},"line":59},"7":{"name":"(anonymous_7)","decl":{"start":{"line":63,"column":2},"end":{"line":63,"column":3}},"loc":{"start":{"line":66,"column":12},"end":{"line":74,"column":3}},"line":66},"8":{"name":"(anonymous_8)","decl":{"start":{"line":76,"column":2},"end":{"line":76,"column":3}},"loc":{"start":{"line":76,"column":29},"end":{"line":78,"column":3}},"line":76},"9":{"name":"(anonymous_9)","decl":{"start":{"line":80,"column":2},"end":{"line":80,"column":3}},"loc":{"start":{"line":80,"column":39},"end":{"line":82,"column":3}},"line":80},"10":{"name":"(anonymous_10)","decl":{"start":{"line":84,"column":2},"end":{"line":84,"column":3}},"loc":{"start":{"line":84,"column":55},"end":{"line":86,"column":3}},"line":84},"11":{"name":"(anonymous_11)","decl":{"start":{"line":88,"column":2},"end":{"line":88,"column":3}},"loc":{"start":{"line":88,"column":42},"end":{"line":91,"column":3}},"line":88},"12":{"name":"(anonymous_12)","decl":{"start":{"line":93,"column":2},"end":{"line":93,"column":3}},"loc":{"start":{"line":93,"column":39},"end":{"line":95,"column":3}},"line":93},"13":{"name":"(anonymous_13)","decl":{"start":{"line":97,"column":2},"end":{"line":97,"column":3}},"loc":{"start":{"line":97,"column":44},"end":{"line":101,"column":3}},"line":97},"14":{"name":"(anonymous_14)","decl":{"start":{"line":103,"column":2},"end":{"line":103,"column":3}},"loc":{"start":{"line":103,"column":49},"end":{"line":107,"column":3}},"line":103},"15":{"name":"(anonymous_15)","decl":{"start":{"line":109,"column":2},"end":{"line":109,"column":3}},"loc":{"start":{"line":109,"column":55},"end":{"line":114,"column":3}},"line":109},"16":{"name":"(anonymous_16)","decl":{"start":{"line":116,"column":2},"end":{"line":116,"column":3}},"loc":{"start":{"line":116,"column":66},"end":{"line":120,"column":3}},"line":116},"17":{"name":"(anonymous_17)","decl":{"start":{"line":122,"column":2},"end":{"line":122,"column":3}},"loc":{"start":{"line":122,"column":69},"end":{"line":124,"column":3}},"line":122},"18":{"name":"(anonymous_18)","decl":{"start":{"line":126,"column":2},"end":{"line":126,"column":3}},"loc":{"start":{"line":126,"column":96},"end":{"line":129,"column":3}},"line":126},"19":{"name":"(anonymous_19)","decl":{"start":{"line":131,"column":2},"end":{"line":131,"column":3}},"loc":{"start":{"line":134,"column":69},"end":{"line":154,"column":3}},"line":134},"20":{"name":"(anonymous_20)","decl":{"start":{"line":156,"column":2},"end":{"line":156,"column":3}},"loc":{"start":{"line":161,"column":25},"end":{"line":179,"column":3}},"line":161}},"branchMap":{"0":{"loc":{"start":{"line":24,"column":4},"end":{"line":26,"column":5}},"type":"if","locations":[{"start":{"line":24,"column":4},"end":{"line":26,"column":5}},{"start":{},"end":{}}],"line":24},"1":{"loc":{"start":{"line":33,"column":4},"end":{"line":35,"column":5}},"type":"if","locations":[{"start":{"line":33,"column":4},"end":{"line":35,"column":5}},{"start":{},"end":{}}],"line":33},"2":{"loc":{"start":{"line":33,"column":8},"end":{"line":33,"column":53}},"type":"binary-expr","locations":[{"start":{"line":33,"column":8},"end":{"line":33,"column":19}},{"start":{"line":33,"column":23},"end":{"line":33,"column":53}}],"line":33},"3":{"loc":{"start":{"line":36,"column":21},"end":{"line":36,"column":64}},"type":"cond-expr","locations":[{"start":{"line":36,"column":45},"end":{"line":36,"column":54}},{"start":{"line":36,"column":57},"end":{"line":36,"column":64}}],"line":36},"4":{"loc":{"start":{"line":64,"column":4},"end":{"line":64,"column":12}},"type":"default-arg","locations":[{"start":{"line":64,"column":10},"end":{"line":64,"column":12}}],"line":64},"5":{"loc":{"start":{"line":65,"column":4},"end":{"line":65,"column":79}},"type":"default-arg","locations":[{"start":{"line":65,"column":15},"end":{"line":65,"column":79}}],"line":65},"6":{"loc":{"start":{"line":90,"column":11},"end":{"line":90,"column":50}},"type":"cond-expr","locations":[{"start":{"line":90,"column":34},"end":{"line":90,"column":37}},{"start":{"line":90,"column":40},"end":{"line":90,"column":50}}],"line":90},"7":{"loc":{"start":{"line":94,"column":11},"end":{"line":94,"column":82}},"type":"cond-expr","locations":[{"start":{"line":94,"column":36},"end":{"line":94,"column":77}},{"start":{"line":94,"column":80},"end":{"line":94,"column":82}}],"line":94},"8":{"loc":{"start":{"line":105,"column":11},"end":{"line":105,"column":43}},"type":"binary-expr","locations":[{"start":{"line":105,"column":11},"end":{"line":105,"column":18}},{"start":{"line":105,"column":22},"end":{"line":105,"column":43}}],"line":105},"9":{"loc":{"start":{"line":110,"column":4},"end":{"line":112,"column":5}},"type":"if","locations":[{"start":{"line":110,"column":4},"end":{"line":112,"column":5}},{"start":{},"end":{}}],"line":110},"10":{"loc":{"start":{"line":135,"column":24},"end":{"line":135,"column":73}},"type":"binary-expr","locations":[{"start":{"line":135,"column":24},"end":{"line":135,"column":47}},{"start":{"line":135,"column":51},"end":{"line":135,"column":73}}],"line":135},"11":{"loc":{"start":{"line":162,"column":24},"end":{"line":162,"column":73}},"type":"binary-expr","locations":[{"start":{"line":162,"column":24},"end":{"line":162,"column":47}},{"start":{"line":162,"column":51},"end":{"line":162,"column":73}}],"line":162}},"s":{"0":0,"1":0,"2":0,"3":0,"4":0,"5":0,"6":0,"7":0,"8":0,"9":0,"10":0,"11":0,"12":0,"13":0,"14":0,"15":1,"16":3,"17":5,"18":12,"19":3,"20":3,"21":3,"22":3,"23":3,"24":170,"25":3,"26":1,"27":4,"28":1,"29":2,"30":2,"31":3,"32":1,"33":1,"34":1,"35":2,"36":2,"37":61,"38":2,"39":2,"40":1,"41":1,"42":3,"43":3,"44":3,"45":2,"46":1,"47":1,"48":0,"49":0,"50":0,"51":0,"52":0,"53":0,"54":0,"55":0,"56":0,"57":0,"58":0,"59":0,"60":0,"61":0},"f":{"0":0,"1":0,"2":0,"3":1,"4":3,"5":5,"6":12,"7":3,"8":1,"9":4,"10":1,"11":2,"12":3,"13":1,"14":2,"15":2,"16":3,"17":2,"18":1,"19":0,"20":0},"b":{"0":[0,0],"1":[0,0],"2":[0,0],"3":[0,0],"4":[1],"5":[2],"6":[1,1],"7":[2,1],"8":[63,62],"9":[1,1],"10":[0,0],"11":[0,0]},"_coverageSchema":"1a1c01bbd47fc00a2c39e90264f33305004495a9","hash":"1ad23f3c521386a4b00c6d5c40d434b89a15b195"}
,"/Users/kynguyen/Documents/Workspace/PingMe/pingme-app/business/EncryptSession.ts": {"path":"/Users/kynguyen/Documents/Workspace/PingMe/pingme-app/business/EncryptSession.ts","statementMap":{"0":{"start":{"line":5,"column":45},"end":{"line":12,"column":1}},"1":{"start":{"line":15,"column":52},"end":{"line":15,"column":74}},"2":{"start":{"line":19,"column":4},"end":{"line":23,"column":5}},"3":{"start":{"line":20,"column":6},"end":{"line":20,"column":46}},"4":{"start":{"line":22,"column":6},"end":{"line":22,"column":67}},"5":{"start":{"line":28,"column":4},"end":{"line":34,"column":5}},"6":{"start":{"line":29,"column":20},"end":{"line":29,"column":51}},"7":{"start":{"line":30,"column":6},"end":{"line":30,"column":27}},"8":{"start":{"line":32,"column":6},"end":{"line":32,"column":67}},"9":{"start":{"line":33,"column":6},"end":{"line":33,"column":18}},"10":{"start":{"line":39,"column":4},"end":{"line":43,"column":5}},"11":{"start":{"line":40,"column":6},"end":{"line":40,"column":45}},"12":{"start":{"line":42,"column":6},"end":{"line":42,"column":69}},"13":{"start":{"line":48,"column":4},"end":{"line":48,"column":56}},"14":{"start":{"line":53,"column":4},"end":{"line":53,"column":56}}},"fnMap":{"0":{"name":"(anonymous_0)","decl":{"start":{"line":18,"column":2},"end":{"line":18,"column":3}},"loc":{"start":{"line":18,"column":57},"end":{"line":24,"column":3}},"line":18},"1":{"name":"(anonymous_1)","decl":{"start":{"line":27,"column":2},"end":{"line":27,"column":3}},"loc":{"start":{"line":27,"column":44},"end":{"line":35,"column":3}},"line":27},"2":{"name":"(anonymous_2)","decl":{"start":{"line":38,"column":2},"end":{"line":38,"column":3}},"loc":{"start":{"line":38,"column":47},"end":{"line":44,"column":3}},"line":38},"3":{"name":"(anonymous_3)","decl":{"start":{"line":47,"column":2},"end":{"line":47,"column":3}},"loc":{"start":{"line":47,"column":26},"end":{"line":49,"column":3}},"line":47},"4":{"name":"(anonymous_4)","decl":{"start":{"line":52,"column":2},"end":{"line":52,"column":3}},"loc":{"start":{"line":52,"column":31},"end":{"line":54,"column":3}},"line":52}},"branchMap":{"0":{"loc":{"start":{"line":30,"column":13},"end":{"line":30,"column":26}},"type":"binary-expr","locations":[{"start":{"line":30,"column":13},"end":{"line":30,"column":18}},{"start":{"line":30,"column":22},"end":{"line":30,"column":26}}],"line":30}},"s":{"0":5,"1":5,"2":0,"3":0,"4":0,"5":0,"6":0,"7":0,"8":0,"9":0,"10":0,"11":0,"12":0,"13":0,"14":0},"f":{"0":0,"1":0,"2":0,"3":0,"4":0},"b":{"0":[0,0]},"_coverageSchema":"1a1c01bbd47fc00a2c39e90264f33305004495a9","hash":"8bc5fb112533895768fbb635433e1afef561f70e"}
,"/Users/kynguyen/Documents/Workspace/PingMe/pingme-app/business/Types.ts": {"path":"/Users/kynguyen/Documents/Workspace/PingMe/pingme-app/business/Types.ts","statementMap":{},"fnMap":{},"branchMap":{},"s":{},"f":{},"b":{}}
,"/Users/kynguyen/Documents/Workspace/PingMe/pingme-app/business/Utils.ts": {"path":"/Users/kynguyen/Documents/Workspace/PingMe/pingme-app/business/Utils.ts","statementMap":{"0":{"start":{"line":13,"column":4},"end":{"line":13,"column":52}},"1":{"start":{"line":17,"column":4},"end":{"line":21,"column":5}},"2":{"start":{"line":18,"column":6},"end":{"line":18,"column":59}},"3":{"start":{"line":20,"column":6},"end":{"line":20,"column":50}},"4":{"start":{"line":25,"column":4},"end":{"line":30,"column":5}},"5":{"start":{"line":26,"column":6},"end":{"line":26,"column":45}},"6":{"start":{"line":28,"column":6},"end":{"line":28,"column":50}},"7":{"start":{"line":29,"column":6},"end":{"line":29,"column":18}},"8":{"start":{"line":34,"column":4},"end":{"line":38,"column":5}},"9":{"start":{"line":35,"column":6},"end":{"line":35,"column":45}},"10":{"start":{"line":37,"column":6},"end":{"line":37,"column":50}},"11":{"start":{"line":42,"column":4},"end":{"line":48,"column":5}},"12":{"start":{"line":43,"column":16},"end":{"line":43,"column":47}},"13":{"start":{"line":44,"column":6},"end":{"line":44,"column":37}},"14":{"start":{"line":46,"column":6},"end":{"line":46,"column":50}},"15":{"start":{"line":47,"column":6},"end":{"line":47,"column":15}},"16":{"start":{"line":52,"column":4},"end":{"line":56,"column":5}},"17":{"start":{"line":53,"column":6},"end":{"line":53,"column":56}},"18":{"start":{"line":55,"column":6},"end":{"line":55,"column":50}},"19":{"start":{"line":60,"column":4},"end":{"line":64,"column":5}},"20":{"start":{"line":61,"column":6},"end":{"line":61,"column":41}},"21":{"start":{"line":63,"column":6},"end":{"line":63,"column":46}},"22":{"start":{"line":71,"column":4},"end":{"line":75,"column":5}},"23":{"start":{"line":72,"column":6},"end":{"line":72,"column":42}},"24":{"start":{"line":74,"column":6},"end":{"line":74,"column":49}},"25":{"start":{"line":82,"column":4},"end":{"line":87,"column":9}},"26":{"start":{"line":84,"column":21},"end":{"line":84,"column":37}},"27":{"start":{"line":85,"column":21},"end":{"line":85,"column":37}},"28":{"start":{"line":86,"column":8},"end":{"line":86,"column":54}},"29":{"start":{"line":93,"column":32},"end":{"line":93,"column":34}},"30":{"start":{"line":94,"column":20},"end":{"line":94,"column":37}},"31":{"start":{"line":95,"column":22},"end":{"line":95,"column":39}},"32":{"start":{"line":97,"column":4},"end":{"line":106,"column":5}},"33":{"start":{"line":97,"column":17},"end":{"line":97,"column":18}},"34":{"start":{"line":98,"column":16},"end":{"line":98,"column":22}},"35":{"start":{"line":99,"column":6},"end":{"line":105,"column":7}},"36":{"start":{"line":100,"column":8},"end":{"line":100,"column":41}},"37":{"start":{"line":101,"column":13},"end":{"line":105,"column":7}},"38":{"start":{"line":102,"column":8},"end":{"line":102,"column":43}},"39":{"start":{"line":103,"column":13},"end":{"line":105,"column":7}},"40":{"start":{"line":104,"column":8},"end":{"line":104,"column":21}},"41":{"start":{"line":108,"column":4},"end":{"line":108,"column":40}},"42":{"start":{"line":112,"column":31},"end":{"line":112,"column":33}},"43":{"start":{"line":113,"column":4},"end":{"line":118,"column":5}},"44":{"start":{"line":113,"column":17},"end":{"line":113,"column":18}},"45":{"start":{"line":114,"column":16},"end":{"line":114,"column":22}},"46":{"start":{"line":115,"column":6},"end":{"line":117,"column":7}},"47":{"start":{"line":116,"column":8},"end":{"line":116,"column":20}},"48":{"start":{"line":119,"column":4},"end":{"line":119,"column":15}},"49":{"start":{"line":130,"column":26},"end":{"line":130,"column":28}},"50":{"start":{"line":131,"column":4},"end":{"line":133,"column":5}},"51":{"start":{"line":132,"column":6},"end":{"line":132,"column":32}},"52":{"start":{"line":134,"column":4},"end":{"line":136,"column":5}},"53":{"start":{"line":135,"column":6},"end":{"line":135,"column":37}},"54":{"start":{"line":137,"column":4},"end":{"line":139,"column":5}},"55":{"start":{"line":138,"column":6},"end":{"line":138,"column":37}},"56":{"start":{"line":140,"column":4},"end":{"line":140,"column":15}},"57":{"start":{"line":144,"column":18},"end":{"line":144,"column":46}},"58":{"start":{"line":145,"column":4},"end":{"line":145,"column":29}},"59":{"start":{"line":152,"column":20},"end":{"line":152,"column":73}},"60":{"start":{"line":153,"column":4},"end":{"line":153,"column":34}},"61":{"start":{"line":153,"column":24},"end":{"line":153,"column":34}},"62":{"start":{"line":154,"column":4},"end":{"line":157,"column":23}},"63":{"start":{"line":161,"column":4},"end":{"line":163,"column":6}}},"fnMap":{"0":{"name":"(anonymous_0)","decl":{"start":{"line":12,"column":2},"end":{"line":12,"column":3}},"loc":{"start":{"line":12,"column":44},"end":{"line":14,"column":3}},"line":12},"1":{"name":"(anonymous_1)","decl":{"start":{"line":16,"column":2},"end":{"line":16,"column":3}},"loc":{"start":{"line":16,"column":70},"end":{"line":22,"column":3}},"line":16},"2":{"name":"(anonymous_2)","decl":{"start":{"line":24,"column":2},"end":{"line":24,"column":3}},"loc":{"start":{"line":24,"column":69},"end":{"line":31,"column":3}},"line":24},"3":{"name":"(anonymous_3)","decl":{"start":{"line":33,"column":2},"end":{"line":33,"column":3}},"loc":{"start":{"line":33,"column":75},"end":{"line":39,"column":3}},"line":33},"4":{"name":"(anonymous_4)","decl":{"start":{"line":41,"column":2},"end":{"line":41,"column":3}},"loc":{"start":{"line":41,"column":62},"end":{"line":49,"column":3}},"line":41},"5":{"name":"(anonymous_5)","decl":{"start":{"line":51,"column":2},"end":{"line":51,"column":3}},"loc":{"start":{"line":51,"column":75},"end":{"line":57,"column":3}},"line":51},"6":{"name":"(anonymous_6)","decl":{"start":{"line":59,"column":2},"end":{"line":59,"column":3}},"loc":{"start":{"line":59,"column":56},"end":{"line":65,"column":3}},"line":59},"7":{"name":"(anonymous_7)","decl":{"start":{"line":70,"column":2},"end":{"line":70,"column":3}},"loc":{"start":{"line":70,"column":59},"end":{"line":76,"column":3}},"line":70},"8":{"name":"(anonymous_8)","decl":{"start":{"line":81,"column":2},"end":{"line":81,"column":3}},"loc":{"start":{"line":81,"column":60},"end":{"line":88,"column":3}},"line":81},"9":{"name":"(anonymous_9)","decl":{"start":{"line":83,"column":12},"end":{"line":83,"column":13}},"loc":{"start":{"line":83,"column":22},"end":{"line":87,"column":7}},"line":83},"10":{"name":"(anonymous_10)","decl":{"start":{"line":90,"column":2},"end":{"line":90,"column":3}},"loc":{"start":{"line":92,"column":75},"end":{"line":109,"column":3}},"line":92},"11":{"name":"(anonymous_11)","decl":{"start":{"line":111,"column":2},"end":{"line":111,"column":3}},"loc":{"start":{"line":111,"column":61},"end":{"line":120,"column":3}},"line":111},"12":{"name":"(anonymous_12)","decl":{"start":{"line":125,"column":2},"end":{"line":125,"column":3}},"loc":{"start":{"line":129,"column":14},"end":{"line":141,"column":3}},"line":129},"13":{"name":"(anonymous_13)","decl":{"start":{"line":143,"column":2},"end":{"line":143,"column":3}},"loc":{"start":{"line":143,"column":37},"end":{"line":146,"column":3}},"line":143},"14":{"name":"(anonymous_14)","decl":{"start":{"line":151,"column":2},"end":{"line":151,"column":3}},"loc":{"start":{"line":151,"column":40},"end":{"line":158,"column":3}},"line":151},"15":{"name":"(anonymous_15)","decl":{"start":{"line":160,"column":2},"end":{"line":160,"column":3}},"loc":{"start":{"line":160,"column":41},"end":{"line":164,"column":3}},"line":160}},"branchMap":{"0":{"loc":{"start":{"line":44,"column":13},"end":{"line":44,"column":36}},"type":"cond-expr","locations":[{"start":{"line":44,"column":17},"end":{"line":44,"column":32}},{"start":{"line":44,"column":35},"end":{"line":44,"column":36}}],"line":44},"1":{"loc":{"start":{"line":86,"column":15},"end":{"line":86,"column":53}},"type":"cond-expr","locations":[{"start":{"line":86,"column":29},"end":{"line":86,"column":30}},{"start":{"line":86,"column":33},"end":{"line":86,"column":53}}],"line":86},"2":{"loc":{"start":{"line":86,"column":33},"end":{"line":86,"column":53}},"type":"cond-expr","locations":[{"start":{"line":86,"column":47},"end":{"line":86,"column":49}},{"start":{"line":86,"column":52},"end":{"line":86,"column":53}}],"line":86},"3":{"loc":{"start":{"line":99,"column":6},"end":{"line":105,"column":7}},"type":"if","locations":[{"start":{"line":99,"column":6},"end":{"line":105,"column":7}},{"start":{"line":101,"column":13},"end":{"line":105,"column":7}}],"line":99},"4":{"loc":{"start":{"line":99,"column":10},"end":{"line":99,"column":44}},"type":"binary-expr","locations":[{"start":{"line":99,"column":10},"end":{"line":99,"column":24}},{"start":{"line":99,"column":28},"end":{"line":99,"column":44}}],"line":99},"5":{"loc":{"start":{"line":101,"column":13},"end":{"line":105,"column":7}},"type":"if","locations":[{"start":{"line":101,"column":13},"end":{"line":105,"column":7}},{"start":{"line":103,"column":13},"end":{"line":105,"column":7}}],"line":101},"6":{"loc":{"start":{"line":103,"column":13},"end":{"line":105,"column":7}},"type":"if","locations":[{"start":{"line":103,"column":13},"end":{"line":105,"column":7}},{"start":{},"end":{}}],"line":103},"7":{"loc":{"start":{"line":115,"column":6},"end":{"line":117,"column":7}},"type":"if","locations":[{"start":{"line":115,"column":6},"end":{"line":117,"column":7}},{"start":{},"end":{}}],"line":115},"8":{"loc":{"start":{"line":115,"column":10},"end":{"line":115,"column":61}},"type":"binary-expr","locations":[{"start":{"line":115,"column":11},"end":{"line":115,"column":25}},{"start":{"line":115,"column":29},"end":{"line":115,"column":43}},{"start":{"line":115,"column":48},"end":{"line":115,"column":61}}],"line":115},"9":{"loc":{"start":{"line":131,"column":4},"end":{"line":133,"column":5}},"type":"if","locations":[{"start":{"line":131,"column":4},"end":{"line":133,"column":5}},{"start":{},"end":{}}],"line":131},"10":{"loc":{"start":{"line":134,"column":4},"end":{"line":136,"column":5}},"type":"if","locations":[{"start":{"line":134,"column":4},"end":{"line":136,"column":5}},{"start":{},"end":{}}],"line":134},"11":{"loc":{"start":{"line":137,"column":4},"end":{"line":139,"column":5}},"type":"if","locations":[{"start":{"line":137,"column":4},"end":{"line":139,"column":5}},{"start":{},"end":{}}],"line":137},"12":{"loc":{"start":{"line":153,"column":4},"end":{"line":153,"column":34}},"type":"if","locations":[{"start":{"line":153,"column":4},"end":{"line":153,"column":34}},{"start":{},"end":{}}],"line":153}},"s":{"0":0,"1":2,"2":2,"3":2,"4":2,"5":2,"6":1,"7":1,"8":2,"9":2,"10":1,"11":3,"12":3,"13":2,"14":1,"15":1,"16":2,"17":2,"18":2,"19":2,"20":2,"21":1,"22":2,"23":2,"24":1,"25":7,"26":6,"27":6,"28":6,"29":3,"30":3,"31":3,"32":3,"33":3,"34":5,"35":5,"36":1,"37":4,"38":1,"39":3,"40":3,"41":3,"42":2,"43":2,"44":2,"45":3,"46":3,"47":2,"48":2,"49":5,"50":5,"51":2,"52":5,"53":2,"54":5,"55":2,"56":5,"57":13,"58":13,"59":2,"60":2,"61":1,"62":1,"63":1},"f":{"0":0,"1":2,"2":2,"3":2,"4":3,"5":2,"6":2,"7":2,"8":7,"9":6,"10":3,"11":2,"12":5,"13":13,"14":2,"15":1},"b":{"0":[1,1],"1":[1,5],"2":[4,1],"3":[1,4],"4":[5,1],"5":[1,3],"6":[3,0],"7":[2,1],"8":[3,2,2],"9":[2,3],"10":[2,3],"11":[2,3],"12":[1,1]},"_coverageSchema":"1a1c01bbd47fc00a2c39e90264f33305004495a9","hash":"023fffe415b2776e55e84f9c690b61f59e252d52"}
,"/Users/kynguyen/Documents/Workspace/PingMe/pingme-app/business/services/AccountDataService.ts": {"path":"/Users/kynguyen/Documents/Workspace/PingMe/pingme-app/business/services/AccountDataService.ts","statementMap":{"0":{"start":{"line":12,"column":37},"end":{"line":12,"column":39}},"1":{"start":{"line":13,"column":35},"end":{"line":13,"column":37}},"2":{"start":{"line":14,"column":37},"end":{"line":14,"column":41}},"3":{"start":{"line":16,"column":39},"end":{"line":16,"column":43}},"4":{"start":{"line":17,"column":20},"end":{"line":17,"column":25}},"5":{"start":{"line":18,"column":49},"end":{"line":18,"column":53}},"6":{"start":{"line":22,"column":36},"end":{"line":22,"column":64}},"7":{"start":{"line":23,"column":35},"end":{"line":23,"column":62}},"8":{"start":{"line":24,"column":37},"end":{"line":24,"column":66}},"9":{"start":{"line":29,"column":4},"end":{"line":31,"column":5}},"10":{"start":{"line":30,"column":6},"end":{"line":30,"column":61}},"11":{"start":{"line":32,"column":4},"end":{"line":32,"column":39}},"12":{"start":{"line":36,"column":4},"end":{"line":36,"column":25}},"13":{"start":{"line":40,"column":4},"end":{"line":40,"column":24}},"14":{"start":{"line":44,"column":4},"end":{"line":44,"column":26}},"15":{"start":{"line":48,"column":4},"end":{"line":48,"column":28}},"16":{"start":{"line":52,"column":4},"end":{"line":52,"column":24}},"17":{"start":{"line":56,"column":4},"end":{"line":59,"column":5}},"18":{"start":{"line":57,"column":6},"end":{"line":57,"column":85}},"19":{"start":{"line":58,"column":6},"end":{"line":58,"column":54}},"20":{"start":{"line":61,"column":4},"end":{"line":61,"column":24}},"21":{"start":{"line":62,"column":4},"end":{"line":88,"column":9}},"22":{"start":{"line":63,"column":6},"end":{"line":87,"column":7}},"23":{"start":{"line":64,"column":8},"end":{"line":64,"column":64}},"24":{"start":{"line":67,"column":8},"end":{"line":67,"column":47}},"25":{"start":{"line":68,"column":8},"end":{"line":68,"column":66}},"26":{"start":{"line":71,"column":23},"end":{"line":71,"column":54}},"27":{"start":{"line":72,"column":8},"end":{"line":72,"column":37}},"28":{"start":{"line":75,"column":8},"end":{"line":75,"column":38}},"29":{"start":{"line":77,"column":8},"end":{"line":77,"column":38}},"30":{"start":{"line":79,"column":8},"end":{"line":81,"column":10}},"31":{"start":{"line":83,"column":8},"end":{"line":83,"column":67}},"32":{"start":{"line":85,"column":8},"end":{"line":85,"column":29}},"33":{"start":{"line":86,"column":8},"end":{"line":86,"column":35}},"34":{"start":{"line":90,"column":4},"end":{"line":90,"column":31}},"35":{"start":{"line":98,"column":4},"end":{"line":105,"column":5}},"36":{"start":{"line":99,"column":6},"end":{"line":99,"column":66}},"37":{"start":{"line":100,"column":6},"end":{"line":104,"column":8}},"38":{"start":{"line":107,"column":4},"end":{"line":107,"column":29}},"39":{"start":{"line":108,"column":4},"end":{"line":112,"column":6}},"40":{"start":{"line":117,"column":4},"end":{"line":119,"column":5}},"41":{"start":{"line":118,"column":6},"end":{"line":118,"column":28}},"42":{"start":{"line":121,"column":4},"end":{"line":137,"column":5}},"43":{"start":{"line":122,"column":17},"end":{"line":122,"column":49}},"44":{"start":{"line":123,"column":6},"end":{"line":126,"column":7}},"45":{"start":{"line":124,"column":8},"end":{"line":124,"column":89}},"46":{"start":{"line":125,"column":8},"end":{"line":125,"column":20}},"47":{"start":{"line":128,"column":21},"end":{"line":128,"column":75}},"48":{"start":{"line":129,"column":6},"end":{"line":129,"column":49}},"49":{"start":{"line":131,"column":6},"end":{"line":131,"column":58}},"50":{"start":{"line":132,"column":6},"end":{"line":132,"column":28}},"51":{"start":{"line":134,"column":6},"end":{"line":134,"column":52}},"52":{"start":{"line":135,"column":6},"end":{"line":135,"column":28}},"53":{"start":{"line":136,"column":6},"end":{"line":136,"column":18}},"54":{"start":{"line":141,"column":4},"end":{"line":141,"column":23}},"55":{"start":{"line":142,"column":4},"end":{"line":142,"column":22}},"56":{"start":{"line":143,"column":4},"end":{"line":143,"column":26}},"57":{"start":{"line":144,"column":4},"end":{"line":144,"column":28}},"58":{"start":{"line":145,"column":4},"end":{"line":145,"column":56}},"59":{"start":{"line":149,"column":20},"end":{"line":149,"column":57}},"60":{"start":{"line":150,"column":17},"end":{"line":150,"column":34}},"61":{"start":{"line":151,"column":20},"end":{"line":159,"column":6}},"62":{"start":{"line":152,"column":17},"end":{"line":152,"column":49}},"63":{"start":{"line":153,"column":21},"end":{"line":153,"column":45}},"64":{"start":{"line":154,"column":6},"end":{"line":154,"column":28}},"65":{"start":{"line":154,"column":15},"end":{"line":154,"column":28}},"66":{"start":{"line":155,"column":18},"end":{"line":155,"column":35}},"67":{"start":{"line":156,"column":6},"end":{"line":156,"column":38}},"68":{"start":{"line":156,"column":25},"end":{"line":156,"column":38}},"69":{"start":{"line":157,"column":6},"end":{"line":157,"column":20}},"70":{"start":{"line":158,"column":6},"end":{"line":158,"column":18}},"71":{"start":{"line":161,"column":4},"end":{"line":161,"column":80}},"72":{"start":{"line":161,"column":27},"end":{"line":161,"column":78}},"73":{"start":{"line":162,"column":4},"end":{"line":162,"column":27}},"74":{"start":{"line":168,"column":4},"end":{"line":213,"column":5}},"75":{"start":{"line":169,"column":24},"end":{"line":169,"column":49}},"76":{"start":{"line":170,"column":6},"end":{"line":170,"column":29}},"77":{"start":{"line":170,"column":22},"end":{"line":170,"column":29}},"78":{"start":{"line":172,"column":19},"end":{"line":172,"column":76}},"79":{"start":{"line":173,"column":29},"end":{"line":173,"column":60}},"80":{"start":{"line":174,"column":29},"end":{"line":174,"column":57}},"81":{"start":{"line":175,"column":6},"end":{"line":178,"column":7}},"82":{"start":{"line":176,"column":8},"end":{"line":176,"column":88}},"83":{"start":{"line":177,"column":8},"end":{"line":177,"column":15}},"84":{"start":{"line":180,"column":25},"end":{"line":180,"column":47}},"85":{"start":{"line":182,"column":6},"end":{"line":206,"column":7}},"86":{"start":{"line":183,"column":8},"end":{"line":205,"column":9}},"87":{"start":{"line":184,"column":10},"end":{"line":204,"column":11}},"88":{"start":{"line":185,"column":23},"end":{"line":185,"column":55}},"89":{"start":{"line":186,"column":12},"end":{"line":189,"column":13}},"90":{"start":{"line":187,"column":14},"end":{"line":187,"column":91}},"91":{"start":{"line":188,"column":14},"end":{"line":188,"column":23}},"92":{"start":{"line":191,"column":12},"end":{"line":191,"column":63}},"93":{"start":{"line":192,"column":12},"end":{"line":192,"column":51}},"94":{"start":{"line":193,"column":12},"end":{"line":193,"column":52}},"95":{"start":{"line":194,"column":12},"end":{"line":194,"column":31}},"96":{"start":{"line":196,"column":12},"end":{"line":200,"column":15}},"97":{"start":{"line":201,"column":12},"end":{"line":201,"column":19}},"98":{"start":{"line":203,"column":12},"end":{"line":203,"column":43}},"99":{"start":{"line":208,"column":6},"end":{"line":208,"column":45}},"100":{"start":{"line":209,"column":6},"end":{"line":209,"column":46}},"101":{"start":{"line":210,"column":6},"end":{"line":210,"column":25}},"102":{"start":{"line":212,"column":6},"end":{"line":212,"column":50}}},"fnMap":{"0":{"name":"(anonymous_0)","decl":{"start":{"line":26,"column":2},"end":{"line":26,"column":3}},"loc":{"start":{"line":26,"column":24},"end":{"line":26,"column":26}},"line":26},"1":{"name":"(anonymous_1)","decl":{"start":{"line":28,"column":2},"end":{"line":28,"column":3}},"loc":{"start":{"line":28,"column":43},"end":{"line":33,"column":3}},"line":28},"2":{"name":"(anonymous_2)","decl":{"start":{"line":35,"column":2},"end":{"line":35,"column":3}},"loc":{"start":{"line":35,"column":32},"end":{"line":37,"column":3}},"line":35},"3":{"name":"(anonymous_3)","decl":{"start":{"line":39,"column":2},"end":{"line":39,"column":3}},"loc":{"start":{"line":39,"column":30},"end":{"line":41,"column":3}},"line":39},"4":{"name":"(anonymous_4)","decl":{"start":{"line":43,"column":2},"end":{"line":43,"column":3}},"loc":{"start":{"line":43,"column":37},"end":{"line":45,"column":3}},"line":43},"5":{"name":"(anonymous_5)","decl":{"start":{"line":47,"column":2},"end":{"line":47,"column":3}},"loc":{"start":{"line":47,"column":34},"end":{"line":49,"column":3}},"line":47},"6":{"name":"(anonymous_6)","decl":{"start":{"line":51,"column":2},"end":{"line":51,"column":3}},"loc":{"start":{"line":51,"column":23},"end":{"line":53,"column":3}},"line":51},"7":{"name":"(anonymous_7)","decl":{"start":{"line":55,"column":2},"end":{"line":55,"column":3}},"loc":{"start":{"line":55,"column":50},"end":{"line":91,"column":3}},"line":55},"8":{"name":"(anonymous_8)","decl":{"start":{"line":62,"column":27},"end":{"line":62,"column":28}},"loc":{"start":{"line":62,"column":39},"end":{"line":88,"column":5}},"line":62},"9":{"name":"(anonymous_9)","decl":{"start":{"line":93,"column":2},"end":{"line":93,"column":3}},"loc":{"start":{"line":97,"column":5},"end":{"line":113,"column":3}},"line":97},"10":{"name":"(anonymous_10)","decl":{"start":{"line":115,"column":2},"end":{"line":115,"column":3}},"loc":{"start":{"line":115,"column":60},"end":{"line":138,"column":3}},"line":115},"11":{"name":"(anonymous_11)","decl":{"start":{"line":140,"column":2},"end":{"line":140,"column":3}},"loc":{"start":{"line":140,"column":21},"end":{"line":146,"column":3}},"line":140},"12":{"name":"(anonymous_12)","decl":{"start":{"line":148,"column":2},"end":{"line":148,"column":3}},"loc":{"start":{"line":148,"column":30},"end":{"line":163,"column":3}},"line":148},"13":{"name":"(anonymous_13)","decl":{"start":{"line":151,"column":35},"end":{"line":151,"column":36}},"loc":{"start":{"line":151,"column":44},"end":{"line":159,"column":5}},"line":151},"14":{"name":"(anonymous_14)","decl":{"start":{"line":161,"column":17},"end":{"line":161,"column":18}},"loc":{"start":{"line":161,"column":27},"end":{"line":161,"column":78}},"line":161},"15":{"name":"(anonymous_15)","decl":{"start":{"line":165,"column":2},"end":{"line":165,"column":3}},"loc":{"start":{"line":167,"column":19},"end":{"line":214,"column":3}},"line":167}},"branchMap":{"0":{"loc":{"start":{"line":29,"column":4},"end":{"line":31,"column":5}},"type":"if","locations":[{"start":{"line":29,"column":4},"end":{"line":31,"column":5}},{"start":{},"end":{}}],"line":29},"1":{"loc":{"start":{"line":55,"column":20},"end":{"line":55,"column":33}},"type":"default-arg","locations":[{"start":{"line":55,"column":28},"end":{"line":55,"column":33}}],"line":55},"2":{"loc":{"start":{"line":56,"column":4},"end":{"line":59,"column":5}},"type":"if","locations":[{"start":{"line":56,"column":4},"end":{"line":59,"column":5}},{"start":{},"end":{}}],"line":56},"3":{"loc":{"start":{"line":56,"column":8},"end":{"line":56,"column":30}},"type":"binary-expr","locations":[{"start":{"line":56,"column":8},"end":{"line":56,"column":20}},{"start":{"line":56,"column":24},"end":{"line":56,"column":30}}],"line":56},"4":{"loc":{"start":{"line":58,"column":13},"end":{"line":58,"column":53}},"type":"binary-expr","locations":[{"start":{"line":58,"column":13},"end":{"line":58,"column":32}},{"start":{"line":58,"column":36},"end":{"line":58,"column":53}}],"line":58},"5":{"loc":{"start":{"line":68,"column":24},"end":{"line":68,"column":65}},"type":"binary-expr","locations":[{"start":{"line":68,"column":24},"end":{"line":68,"column":59}},{"start":{"line":68,"column":63},"end":{"line":68,"column":65}}],"line":68},"6":{"loc":{"start":{"line":98,"column":4},"end":{"line":105,"column":5}},"type":"if","locations":[{"start":{"line":98,"column":4},"end":{"line":105,"column":5}},{"start":{},"end":{}}],"line":98},"7":{"loc":{"start":{"line":98,"column":8},"end":{"line":98,"column":77}},"type":"binary-expr","locations":[{"start":{"line":98,"column":8},"end":{"line":98,"column":31}},{"start":{"line":98,"column":35},"end":{"line":98,"column":59}},{"start":{"line":98,"column":63},"end":{"line":98,"column":77}}],"line":98},"8":{"loc":{"start":{"line":115,"column":21},"end":{"line":115,"column":34}},"type":"default-arg","locations":[{"start":{"line":115,"column":29},"end":{"line":115,"column":34}}],"line":115},"9":{"loc":{"start":{"line":117,"column":4},"end":{"line":119,"column":5}},"type":"if","locations":[{"start":{"line":117,"column":4},"end":{"line":119,"column":5}},{"start":{},"end":{}}],"line":117},"10":{"loc":{"start":{"line":117,"column":8},"end":{"line":117,"column":32}},"type":"binary-expr","locations":[{"start":{"line":117,"column":8},"end":{"line":117,"column":22}},{"start":{"line":117,"column":26},"end":{"line":117,"column":32}}],"line":117},"11":{"loc":{"start":{"line":123,"column":6},"end":{"line":126,"column":7}},"type":"if","locations":[{"start":{"line":123,"column":6},"end":{"line":126,"column":7}},{"start":{},"end":{}}],"line":123},"12":{"loc":{"start":{"line":129,"column":23},"end":{"line":129,"column":48}},"type":"binary-expr","locations":[{"start":{"line":129,"column":23},"end":{"line":129,"column":40}},{"start":{"line":129,"column":44},"end":{"line":129,"column":48}}],"line":129},"13":{"loc":{"start":{"line":149,"column":20},"end":{"line":149,"column":57}},"type":"binary-expr","locations":[{"start":{"line":149,"column":20},"end":{"line":149,"column":51}},{"start":{"line":149,"column":55},"end":{"line":149,"column":57}}],"line":149},"14":{"loc":{"start":{"line":152,"column":18},"end":{"line":152,"column":34}},"type":"binary-expr","locations":[{"start":{"line":152,"column":18},"end":{"line":152,"column":28}},{"start":{"line":152,"column":32},"end":{"line":152,"column":34}}],"line":152},"15":{"loc":{"start":{"line":153,"column":28},"end":{"line":153,"column":44}},"type":"binary-expr","locations":[{"start":{"line":153,"column":28},"end":{"line":153,"column":38}},{"start":{"line":153,"column":42},"end":{"line":153,"column":44}}],"line":153},"16":{"loc":{"start":{"line":154,"column":6},"end":{"line":154,"column":28}},"type":"if","locations":[{"start":{"line":154,"column":6},"end":{"line":154,"column":28}},{"start":{},"end":{}}],"line":154},"17":{"loc":{"start":{"line":156,"column":6},"end":{"line":156,"column":38}},"type":"if","locations":[{"start":{"line":156,"column":6},"end":{"line":156,"column":38}},{"start":{},"end":{}}],"line":156},"18":{"loc":{"start":{"line":161,"column":34},"end":{"line":161,"column":50}},"type":"binary-expr","locations":[{"start":{"line":161,"column":34},"end":{"line":161,"column":45}},{"start":{"line":161,"column":49},"end":{"line":161,"column":50}}],"line":161},"19":{"loc":{"start":{"line":161,"column":61},"end":{"line":161,"column":77}},"type":"binary-expr","locations":[{"start":{"line":161,"column":61},"end":{"line":161,"column":72}},{"start":{"line":161,"column":76},"end":{"line":161,"column":77}}],"line":161},"20":{"loc":{"start":{"line":170,"column":6},"end":{"line":170,"column":29}},"type":"if","locations":[{"start":{"line":170,"column":6},"end":{"line":170,"column":29}},{"start":{},"end":{}}],"line":170},"21":{"loc":{"start":{"line":175,"column":6},"end":{"line":178,"column":7}},"type":"if","locations":[{"start":{"line":175,"column":6},"end":{"line":178,"column":7}},{"start":{},"end":{}}],"line":175},"22":{"loc":{"start":{"line":182,"column":32},"end":{"line":182,"column":51}},"type":"binary-expr","locations":[{"start":{"line":182,"column":32},"end":{"line":182,"column":45}},{"start":{"line":182,"column":49},"end":{"line":182,"column":51}}],"line":182},"23":{"loc":{"start":{"line":183,"column":8},"end":{"line":205,"column":9}},"type":"if","locations":[{"start":{"line":183,"column":8},"end":{"line":205,"column":9}},{"start":{},"end":{}}],"line":183},"24":{"loc":{"start":{"line":186,"column":12},"end":{"line":189,"column":13}},"type":"if","locations":[{"start":{"line":186,"column":12},"end":{"line":189,"column":13}},{"start":{},"end":{}}],"line":186}},"s":{"0":0,"1":0,"2":0,"3":0,"4":0,"5":0,"6":0,"7":0,"8":0,"9":0,"10":0,"11":0,"12":0,"13":0,"14":0,"15":0,"16":0,"17":0,"18":0,"19":0,"20":0,"21":0,"22":0,"23":0,"24":0,"25":0,"26":0,"27":0,"28":0,"29":0,"30":0,"31":0,"32":0,"33":0,"34":0,"35":0,"36":0,"37":0,"38":0,"39":0,"40":0,"41":0,"42":0,"43":0,"44":0,"45":0,"46":0,"47":0,"48":0,"49":0,"50":0,"51":0,"52":0,"53":0,"54":0,"55":0,"56":0,"57":0,"58":0,"59":0,"60":0,"61":0,"62":0,"63":0,"64":0,"65":0,"66":0,"67":0,"68":0,"69":0,"70":0,"71":0,"72":0,"73":0,"74":0,"75":0,"76":0,"77":0,"78":0,"79":0,"80":0,"81":0,"82":0,"83":0,"84":0,"85":0,"86":0,"87":0,"88":0,"89":0,"90":0,"91":0,"92":0,"93":0,"94":0,"95":0,"96":0,"97":0,"98":0,"99":0,"100":0,"101":0,"102":0},"f":{"0":0,"1":0,"2":0,"3":0,"4":0,"5":0,"6":0,"7":0,"8":0,"9":0,"10":0,"11":0,"12":0,"13":0,"14":0,"15":0},"b":{"0":[0,0],"1":[0],"2":[0,0],"3":[0,0],"4":[0,0],"5":[0,0],"6":[0,0],"7":[0,0,0],"8":[0],"9":[0,0],"10":[0,0],"11":[0,0],"12":[0,0],"13":[0,0],"14":[0,0],"15":[0,0],"16":[0,0],"17":[0,0],"18":[0,0],"19":[0,0],"20":[0,0],"21":[0,0],"22":[0,0],"23":[0,0],"24":[0,0]}}
,"/Users/kynguyen/Documents/Workspace/PingMe/pingme-app/business/services/AuthService.ts": {"path":"/Users/kynguyen/Documents/Workspace/PingMe/pingme-app/business/services/AuthService.ts","statementMap":{"0":{"start":{"line":27,"column":4},"end":{"line":27,"column":57}},"1":{"start":{"line":28,"column":4},"end":{"line":28,"column":55}},"2":{"start":{"line":29,"column":4},"end":{"line":29,"column":53}},"3":{"start":{"line":32,"column":4},"end":{"line":36,"column":7}},"4":{"start":{"line":33,"column":6},"end":{"line":33,"column":56}},"5":{"start":{"line":34,"column":6},"end":{"line":34,"column":26}},"6":{"start":{"line":35,"column":6},"end":{"line":35,"column":76}},"7":{"start":{"line":40,"column":4},"end":{"line":42,"column":5}},"8":{"start":{"line":41,"column":6},"end":{"line":41,"column":47}},"9":{"start":{"line":43,"column":4},"end":{"line":43,"column":32}},"10":{"start":{"line":48,"column":4},"end":{"line":49,"column":52}},"11":{"start":{"line":48,"column":28},"end":{"line":48,"column":77}},"12":{"start":{"line":49,"column":9},"end":{"line":49,"column":52}},"13":{"start":{"line":53,"column":4},"end":{"line":53,"column":55}},"14":{"start":{"line":54,"column":4},"end":{"line":54,"column":16}},"15":{"start":{"line":64,"column":4},"end":{"line":64,"column":56}},"16":{"start":{"line":65,"column":18},"end":{"line":65,"column":74}},"17":{"start":{"line":67,"column":4},"end":{"line":76,"column":5}},"18":{"start":{"line":68,"column":6},"end":{"line":68,"column":50}},"19":{"start":{"line":69,"column":6},"end":{"line":69,"column":55}},"20":{"start":{"line":70,"column":6},"end":{"line":70,"column":31}},"21":{"start":{"line":71,"column":11},"end":{"line":76,"column":5}},"22":{"start":{"line":72,"column":6},"end":{"line":72,"column":60}},"23":{"start":{"line":73,"column":6},"end":{"line":73,"column":31}},"24":{"start":{"line":75,"column":6},"end":{"line":75,"column":79}},"25":{"start":{"line":84,"column":4},"end":{"line":84,"column":67}},"26":{"start":{"line":85,"column":18},"end":{"line":85,"column":71}},"27":{"start":{"line":87,"column":4},"end":{"line":96,"column":5}},"28":{"start":{"line":88,"column":6},"end":{"line":88,"column":59}},"29":{"start":{"line":89,"column":6},"end":{"line":89,"column":52}},"30":{"start":{"line":90,"column":6},"end":{"line":90,"column":31}},"31":{"start":{"line":91,"column":11},"end":{"line":96,"column":5}},"32":{"start":{"line":92,"column":6},"end":{"line":92,"column":69}},"33":{"start":{"line":93,"column":6},"end":{"line":93,"column":31}},"34":{"start":{"line":95,"column":6},"end":{"line":95,"column":88}},"35":{"start":{"line":101,"column":4},"end":{"line":130,"column":5}},"36":{"start":{"line":102,"column":6},"end":{"line":102,"column":41}},"37":{"start":{"line":103,"column":25},"end":{"line":103,"column":66}},"38":{"start":{"line":104,"column":19},"end":{"line":104,"column":53}},"39":{"start":{"line":105,"column":6},"end":{"line":105,"column":61}},"40":{"start":{"line":105,"column":17},"end":{"line":105,"column":61}},"41":{"start":{"line":106,"column":19},"end":{"line":106,"column":66}},"42":{"start":{"line":107,"column":27},"end":{"line":107,"column":44}},"43":{"start":{"line":108,"column":20},"end":{"line":108,"column":69}},"44":{"start":{"line":109,"column":6},"end":{"line":109,"column":63}},"45":{"start":{"line":109,"column":18},"end":{"line":109,"column":63}},"46":{"start":{"line":110,"column":25},"end":{"line":110,"column":54}},"47":{"start":{"line":112,"column":6},"end":{"line":112,"column":73}},"48":{"start":{"line":112,"column":23},"end":{"line":112,"column":73}},"49":{"start":{"line":113,"column":19},"end":{"line":113,"column":68}},"50":{"start":{"line":114,"column":6},"end":{"line":114,"column":82}},"51":{"start":{"line":114,"column":29},"end":{"line":114,"column":82}},"52":{"start":{"line":116,"column":17},"end":{"line":124,"column":7}},"53":{"start":{"line":126,"column":6},"end":{"line":126,"column":48}},"54":{"start":{"line":127,"column":6},"end":{"line":127,"column":16}},"55":{"start":{"line":129,"column":6},"end":{"line":129,"column":53}},"56":{"start":{"line":135,"column":4},"end":{"line":135,"column":50}},"57":{"start":{"line":137,"column":19},"end":{"line":137,"column":56}},"58":{"start":{"line":138,"column":16},"end":{"line":138,"column":45}},"59":{"start":{"line":139,"column":19},"end":{"line":139,"column":61}},"60":{"start":{"line":141,"column":19},"end":{"line":145,"column":5}},"61":{"start":{"line":147,"column":19},"end":{"line":147,"column":77}},"62":{"start":{"line":148,"column":31},"end":{"line":148,"column":81}},"63":{"start":{"line":150,"column":4},"end":{"line":155,"column":6}},"64":{"start":{"line":160,"column":4},"end":{"line":248,"column":5}},"65":{"start":{"line":161,"column":6},"end":{"line":161,"column":46}},"66":{"start":{"line":162,"column":17},"end":{"line":162,"column":49}},"67":{"start":{"line":165,"column":27},"end":{"line":165,"column":74}},"68":{"start":{"line":166,"column":22},"end":{"line":166,"column":58}},"69":{"start":{"line":167,"column":6},"end":{"line":167,"column":68}},"70":{"start":{"line":167,"column":20},"end":{"line":167,"column":68}},"71":{"start":{"line":168,"column":23},"end":{"line":168,"column":69}},"72":{"start":{"line":169,"column":6},"end":{"line":169,"column":70}},"73":{"start":{"line":169,"column":21},"end":{"line":169,"column":70}},"74":{"start":{"line":170,"column":28},"end":{"line":170,"column":60}},"75":{"start":{"line":171,"column":6},"end":{"line":171,"column":80}},"76":{"start":{"line":171,"column":26},"end":{"line":171,"column":80}},"77":{"start":{"line":173,"column":22},"end":{"line":176,"column":7}},"78":{"start":{"line":177,"column":6},"end":{"line":177,"column":74}},"79":{"start":{"line":177,"column":20},"end":{"line":177,"column":74}},"80":{"start":{"line":178,"column":27},"end":{"line":178,"column":58}},"81":{"start":{"line":179,"column":6},"end":{"line":179,"column":84}},"82":{"start":{"line":179,"column":25},"end":{"line":179,"column":84}},"83":{"start":{"line":180,"column":35},"end":{"line":183,"column":7}},"84":{"start":{"line":184,"column":6},"end":{"line":185,"column":77}},"85":{"start":{"line":185,"column":8},"end":{"line":185,"column":77}},"86":{"start":{"line":186,"column":30},"end":{"line":186,"column":74}},"87":{"start":{"line":187,"column":6},"end":{"line":187,"column":91}},"88":{"start":{"line":187,"column":28},"end":{"line":187,"column":91}},"89":{"start":{"line":189,"column":22},"end":{"line":189,"column":65}},"90":{"start":{"line":190,"column":6},"end":{"line":190,"column":72}},"91":{"start":{"line":190,"column":28},"end":{"line":190,"column":72}},"92":{"start":{"line":192,"column":26},"end":{"line":192,"column":57}},"93":{"start":{"line":193,"column":6},"end":{"line":193,"column":77}},"94":{"start":{"line":193,"column":24},"end":{"line":193,"column":77}},"95":{"start":{"line":194,"column":32},"end":{"line":194,"column":69}},"96":{"start":{"line":195,"column":6},"end":{"line":195,"column":89}},"97":{"start":{"line":195,"column":30},"end":{"line":195,"column":89}},"98":{"start":{"line":197,"column":6},"end":{"line":202,"column":8}},"99":{"start":{"line":198,"column":14},"end":{"line":198,"column":83}},"100":{"start":{"line":204,"column":20},"end":{"line":204,"column":76}},"101":{"start":{"line":205,"column":28},"end":{"line":205,"column":45}},"102":{"start":{"line":207,"column":6},"end":{"line":216,"column":7}},"103":{"start":{"line":208,"column":8},"end":{"line":208,"column":72}},"104":{"start":{"line":209,"column":8},"end":{"line":209,"column":37}},"105":{"start":{"line":210,"column":8},"end":{"line":210,"column":26}},"106":{"start":{"line":211,"column":8},"end":{"line":211,"column":34}},"107":{"start":{"line":212,"column":8},"end":{"line":212,"column":28}},"108":{"start":{"line":213,"column":8},"end":{"line":213,"column":38}},"109":{"start":{"line":214,"column":8},"end":{"line":214,"column":43}},"110":{"start":{"line":215,"column":8},"end":{"line":215,"column":15}},"111":{"start":{"line":218,"column":52},"end":{"line":221,"column":7}},"112":{"start":{"line":222,"column":34},"end":{"line":222,"column":73}},"113":{"start":{"line":223,"column":6},"end":{"line":223,"column":100}},"114":{"start":{"line":223,"column":32},"end":{"line":223,"column":100}},"115":{"start":{"line":224,"column":6},"end":{"line":236,"column":8}},"116":{"start":{"line":226,"column":10},"end":{"line":233,"column":11}},"117":{"start":{"line":238,"column":6},"end":{"line":238,"column":35}},"118":{"start":{"line":239,"column":6},"end":{"line":239,"column":24}},"119":{"start":{"line":240,"column":6},"end":{"line":240,"column":32}},"120":{"start":{"line":241,"column":6},"end":{"line":241,"column":26}},"121":{"start":{"line":242,"column":6},"end":{"line":242,"column":36}},"122":{"start":{"line":243,"column":6},"end":{"line":243,"column":41}},"123":{"start":{"line":245,"column":6},"end":{"line":245,"column":58}},"124":{"start":{"line":247,"column":6},"end":{"line":247,"column":54}},"125":{"start":{"line":253,"column":4},"end":{"line":284,"column":5}},"126":{"start":{"line":254,"column":17},"end":{"line":254,"column":61}},"127":{"start":{"line":255,"column":6},"end":{"line":255,"column":41}},"128":{"start":{"line":257,"column":6},"end":{"line":257,"column":37}},"129":{"start":{"line":257,"column":25},"end":{"line":257,"column":37}},"130":{"start":{"line":258,"column":31},"end":{"line":258,"column":67}},"131":{"start":{"line":259,"column":6},"end":{"line":259,"column":87}},"132":{"start":{"line":259,"column":29},"end":{"line":259,"column":87}},"133":{"start":{"line":260,"column":23},"end":{"line":260,"column":54}},"134":{"start":{"line":261,"column":6},"end":{"line":261,"column":70}},"135":{"start":{"line":261,"column":21},"end":{"line":261,"column":70}},"136":{"start":{"line":262,"column":29},"end":{"line":262,"column":66}},"137":{"start":{"line":263,"column":6},"end":{"line":263,"column":82}},"138":{"start":{"line":263,"column":27},"end":{"line":263,"column":82}},"139":{"start":{"line":264,"column":6},"end":{"line":269,"column":8}},"140":{"start":{"line":265,"column":14},"end":{"line":265,"column":78}},"141":{"start":{"line":271,"column":6},"end":{"line":271,"column":35}},"142":{"start":{"line":273,"column":6},"end":{"line":279,"column":7}},"143":{"start":{"line":274,"column":8},"end":{"line":274,"column":55}},"144":{"start":{"line":275,"column":8},"end":{"line":275,"column":47}},"145":{"start":{"line":276,"column":8},"end":{"line":276,"column":42}},"146":{"start":{"line":278,"column":8},"end":{"line":278,"column":91}},"147":{"start":{"line":281,"column":6},"end":{"line":281,"column":18}},"148":{"start":{"line":283,"column":6},"end":{"line":283,"column":42}},"149":{"start":{"line":289,"column":4},"end":{"line":334,"column":5}},"150":{"start":{"line":290,"column":6},"end":{"line":290,"column":45}},"151":{"start":{"line":291,"column":25},"end":{"line":291,"column":66}},"152":{"start":{"line":292,"column":19},"end":{"line":292,"column":53}},"153":{"start":{"line":293,"column":6},"end":{"line":293,"column":61}},"154":{"start":{"line":293,"column":17},"end":{"line":293,"column":61}},"155":{"start":{"line":294,"column":19},"end":{"line":294,"column":59}},"156":{"start":{"line":295,"column":6},"end":{"line":295,"column":69}},"157":{"start":{"line":295,"column":25},"end":{"line":295,"column":69}},"158":{"start":{"line":297,"column":20},"end":{"line":297,"column":61}},"159":{"start":{"line":298,"column":6},"end":{"line":298,"column":63}},"160":{"start":{"line":298,"column":18},"end":{"line":298,"column":63}},"161":{"start":{"line":299,"column":25},"end":{"line":299,"column":54}},"162":{"start":{"line":300,"column":6},"end":{"line":300,"column":73}},"163":{"start":{"line":300,"column":23},"end":{"line":300,"column":73}},"164":{"start":{"line":302,"column":6},"end":{"line":310,"column":9}},"165":{"start":{"line":312,"column":28},"end":{"line":312,"column":74}},"166":{"start":{"line":313,"column":31},"end":{"line":313,"column":68}},"167":{"start":{"line":315,"column":6},"end":{"line":315,"column":87}},"168":{"start":{"line":315,"column":29},"end":{"line":315,"column":87}},"169":{"start":{"line":316,"column":23},"end":{"line":316,"column":51}},"170":{"start":{"line":317,"column":6},"end":{"line":318,"column":74}},"171":{"start":{"line":318,"column":8},"end":{"line":318,"column":74}},"172":{"start":{"line":319,"column":29},"end":{"line":319,"column":63}},"173":{"start":{"line":320,"column":6},"end":{"line":320,"column":82}},"174":{"start":{"line":320,"column":27},"end":{"line":320,"column":82}},"175":{"start":{"line":322,"column":6},"end":{"line":327,"column":8}},"176":{"start":{"line":323,"column":14},"end":{"line":323,"column":73}},"177":{"start":{"line":329,"column":6},"end":{"line":329,"column":49}},"178":{"start":{"line":330,"column":6},"end":{"line":330,"column":18}},"179":{"start":{"line":332,"column":6},"end":{"line":332,"column":42}},"180":{"start":{"line":333,"column":6},"end":{"line":333,"column":16}},"181":{"start":{"line":339,"column":4},"end":{"line":347,"column":5}},"182":{"start":{"line":340,"column":6},"end":{"line":340,"column":33}},"183":{"start":{"line":341,"column":6},"end":{"line":341,"column":34}},"184":{"start":{"line":342,"column":6},"end":{"line":342,"column":33}},"185":{"start":{"line":343,"column":6},"end":{"line":343,"column":41}},"186":{"start":{"line":344,"column":6},"end":{"line":344,"column":34}},"187":{"start":{"line":346,"column":6},"end":{"line":346,"column":45}},"188":{"start":{"line":351,"column":4},"end":{"line":361,"column":5}},"189":{"start":{"line":352,"column":17},"end":{"line":352,"column":49}},"190":{"start":{"line":353,"column":6},"end":{"line":356,"column":7}},"191":{"start":{"line":354,"column":8},"end":{"line":354,"column":42}},"192":{"start":{"line":355,"column":8},"end":{"line":355,"column":21}},"193":{"start":{"line":357,"column":6},"end":{"line":357,"column":36}},"194":{"start":{"line":358,"column":6},"end":{"line":358,"column":18}},"195":{"start":{"line":360,"column":6},"end":{"line":360,"column":55}}},"fnMap":{"0":{"name":"(anonymous_0)","decl":{"start":{"line":26,"column":2},"end":{"line":26,"column":3}},"loc":{"start":{"line":26,"column":24},"end":{"line":37,"column":3}},"line":26},"1":{"name":"(anonymous_1)","decl":{"start":{"line":32,"column":42},"end":{"line":32,"column":43}},"loc":{"start":{"line":32,"column":54},"end":{"line":36,"column":5}},"line":32},"2":{"name":"(anonymous_2)","decl":{"start":{"line":39,"column":2},"end":{"line":39,"column":3}},"loc":{"start":{"line":39,"column":36},"end":{"line":44,"column":3}},"line":39},"3":{"name":"(anonymous_3)","decl":{"start":{"line":47,"column":2},"end":{"line":47,"column":3}},"loc":{"start":{"line":47,"column":43},"end":{"line":50,"column":3}},"line":47},"4":{"name":"(anonymous_4)","decl":{"start":{"line":52,"column":2},"end":{"line":52,"column":3}},"loc":{"start":{"line":52,"column":58},"end":{"line":55,"column":3}},"line":52},"5":{"name":"(anonymous_5)","decl":{"start":{"line":58,"column":2},"end":{"line":58,"column":3}},"loc":{"start":{"line":63,"column":16},"end":{"line":77,"column":3}},"line":63},"6":{"name":"(anonymous_6)","decl":{"start":{"line":79,"column":2},"end":{"line":79,"column":3}},"loc":{"start":{"line":83,"column":16},"end":{"line":97,"column":3}},"line":83},"7":{"name":"(anonymous_7)","decl":{"start":{"line":100,"column":2},"end":{"line":100,"column":3}},"loc":{"start":{"line":100,"column":66},"end":{"line":131,"column":3}},"line":100},"8":{"name":"(anonymous_8)","decl":{"start":{"line":134,"column":2},"end":{"line":134,"column":3}},"loc":{"start":{"line":134,"column":85},"end":{"line":156,"column":3}},"line":134},"9":{"name":"(anonymous_9)","decl":{"start":{"line":159,"column":2},"end":{"line":159,"column":3}},"loc":{"start":{"line":159,"column":59},"end":{"line":249,"column":3}},"line":159},"10":{"name":"(anonymous_10)","decl":{"start":{"line":198,"column":8},"end":{"line":198,"column":9}},"loc":{"start":{"line":198,"column":14},"end":{"line":198,"column":83}},"line":198},"11":{"name":"(anonymous_11)","decl":{"start":{"line":225,"column":8},"end":{"line":225,"column":9}},"loc":{"start":{"line":226,"column":10},"end":{"line":233,"column":11}},"line":226},"12":{"name":"(anonymous_12)","decl":{"start":{"line":252,"column":2},"end":{"line":252,"column":3}},"loc":{"start":{"line":252,"column":92},"end":{"line":285,"column":3}},"line":252},"13":{"name":"(anonymous_13)","decl":{"start":{"line":265,"column":8},"end":{"line":265,"column":9}},"loc":{"start":{"line":265,"column":14},"end":{"line":265,"column":78}},"line":265},"14":{"name":"(anonymous_14)","decl":{"start":{"line":288,"column":2},"end":{"line":288,"column":3}},"loc":{"start":{"line":288,"column":91},"end":{"line":335,"column":3}},"line":288},"15":{"name":"(anonymous_15)","decl":{"start":{"line":323,"column":8},"end":{"line":323,"column":9}},"loc":{"start":{"line":323,"column":14},"end":{"line":323,"column":73}},"line":323},"16":{"name":"(anonymous_16)","decl":{"start":{"line":338,"column":2},"end":{"line":338,"column":3}},"loc":{"start":{"line":338,"column":32},"end":{"line":348,"column":3}},"line":338},"17":{"name":"(anonymous_17)","decl":{"start":{"line":350,"column":2},"end":{"line":350,"column":3}},"loc":{"start":{"line":350,"column":39},"end":{"line":362,"column":3}},"line":350}},"branchMap":{"0":{"loc":{"start":{"line":40,"column":4},"end":{"line":42,"column":5}},"type":"if","locations":[{"start":{"line":40,"column":4},"end":{"line":42,"column":5}},{"start":{},"end":{}}],"line":40},"1":{"loc":{"start":{"line":48,"column":4},"end":{"line":49,"column":52}},"type":"if","locations":[{"start":{"line":48,"column":4},"end":{"line":49,"column":52}},{"start":{"line":49,"column":9},"end":{"line":49,"column":52}}],"line":48},"2":{"loc":{"start":{"line":67,"column":4},"end":{"line":76,"column":5}},"type":"if","locations":[{"start":{"line":67,"column":4},"end":{"line":76,"column":5}},{"start":{"line":71,"column":11},"end":{"line":76,"column":5}}],"line":67},"3":{"loc":{"start":{"line":71,"column":11},"end":{"line":76,"column":5}},"type":"if","locations":[{"start":{"line":71,"column":11},"end":{"line":76,"column":5}},{"start":{"line":74,"column":11},"end":{"line":76,"column":5}}],"line":71},"4":{"loc":{"start":{"line":87,"column":4},"end":{"line":96,"column":5}},"type":"if","locations":[{"start":{"line":87,"column":4},"end":{"line":96,"column":5}},{"start":{"line":91,"column":11},"end":{"line":96,"column":5}}],"line":87},"5":{"loc":{"start":{"line":91,"column":11},"end":{"line":96,"column":5}},"type":"if","locations":[{"start":{"line":91,"column":11},"end":{"line":96,"column":5}},{"start":{"line":94,"column":11},"end":{"line":96,"column":5}}],"line":91},"6":{"loc":{"start":{"line":105,"column":6},"end":{"line":105,"column":61}},"type":"if","locations":[{"start":{"line":105,"column":6},"end":{"line":105,"column":61}},{"start":{},"end":{}}],"line":105},"7":{"loc":{"start":{"line":109,"column":6},"end":{"line":109,"column":63}},"type":"if","locations":[{"start":{"line":109,"column":6},"end":{"line":109,"column":63}},{"start":{},"end":{}}],"line":109},"8":{"loc":{"start":{"line":112,"column":6},"end":{"line":112,"column":73}},"type":"if","locations":[{"start":{"line":112,"column":6},"end":{"line":112,"column":73}},{"start":{},"end":{}}],"line":112},"9":{"loc":{"start":{"line":114,"column":6},"end":{"line":114,"column":82}},"type":"if","locations":[{"start":{"line":114,"column":6},"end":{"line":114,"column":82}},{"start":{},"end":{}}],"line":114},"10":{"loc":{"start":{"line":167,"column":6},"end":{"line":167,"column":68}},"type":"if","locations":[{"start":{"line":167,"column":6},"end":{"line":167,"column":68}},{"start":{},"end":{}}],"line":167},"11":{"loc":{"start":{"line":169,"column":6},"end":{"line":169,"column":70}},"type":"if","locations":[{"start":{"line":169,"column":6},"end":{"line":169,"column":70}},{"start":{},"end":{}}],"line":169},"12":{"loc":{"start":{"line":171,"column":6},"end":{"line":171,"column":80}},"type":"if","locations":[{"start":{"line":171,"column":6},"end":{"line":171,"column":80}},{"start":{},"end":{}}],"line":171},"13":{"loc":{"start":{"line":177,"column":6},"end":{"line":177,"column":74}},"type":"if","locations":[{"start":{"line":177,"column":6},"end":{"line":177,"column":74}},{"start":{},"end":{}}],"line":177},"14":{"loc":{"start":{"line":179,"column":6},"end":{"line":179,"column":84}},"type":"if","locations":[{"start":{"line":179,"column":6},"end":{"line":179,"column":84}},{"start":{},"end":{}}],"line":179},"15":{"loc":{"start":{"line":184,"column":6},"end":{"line":185,"column":77}},"type":"if","locations":[{"start":{"line":184,"column":6},"end":{"line":185,"column":77}},{"start":{},"end":{}}],"line":184},"16":{"loc":{"start":{"line":187,"column":6},"end":{"line":187,"column":91}},"type":"if","locations":[{"start":{"line":187,"column":6},"end":{"line":187,"column":91}},{"start":{},"end":{}}],"line":187},"17":{"loc":{"start":{"line":190,"column":6},"end":{"line":190,"column":72}},"type":"if","locations":[{"start":{"line":190,"column":6},"end":{"line":190,"column":72}},{"start":{},"end":{}}],"line":190},"18":{"loc":{"start":{"line":193,"column":6},"end":{"line":193,"column":77}},"type":"if","locations":[{"start":{"line":193,"column":6},"end":{"line":193,"column":77}},{"start":{},"end":{}}],"line":193},"19":{"loc":{"start":{"line":195,"column":6},"end":{"line":195,"column":89}},"type":"if","locations":[{"start":{"line":195,"column":6},"end":{"line":195,"column":89}},{"start":{},"end":{}}],"line":195},"20":{"loc":{"start":{"line":207,"column":6},"end":{"line":216,"column":7}},"type":"if","locations":[{"start":{"line":207,"column":6},"end":{"line":216,"column":7}},{"start":{},"end":{}}],"line":207},"21":{"loc":{"start":{"line":207,"column":10},"end":{"line":207,"column":58}},"type":"binary-expr","locations":[{"start":{"line":207,"column":10},"end":{"line":207,"column":24}},{"start":{"line":207,"column":28},"end":{"line":207,"column":58}}],"line":207},"22":{"loc":{"start":{"line":223,"column":6},"end":{"line":223,"column":100}},"type":"if","locations":[{"start":{"line":223,"column":6},"end":{"line":223,"column":100}},{"start":{},"end":{}}],"line":223},"23":{"loc":{"start":{"line":257,"column":6},"end":{"line":257,"column":37}},"type":"if","locations":[{"start":{"line":257,"column":6},"end":{"line":257,"column":37}},{"start":{},"end":{}}],"line":257},"24":{"loc":{"start":{"line":259,"column":6},"end":{"line":259,"column":87}},"type":"if","locations":[{"start":{"line":259,"column":6},"end":{"line":259,"column":87}},{"start":{},"end":{}}],"line":259},"25":{"loc":{"start":{"line":261,"column":6},"end":{"line":261,"column":70}},"type":"if","locations":[{"start":{"line":261,"column":6},"end":{"line":261,"column":70}},{"start":{},"end":{}}],"line":261},"26":{"loc":{"start":{"line":263,"column":6},"end":{"line":263,"column":82}},"type":"if","locations":[{"start":{"line":263,"column":6},"end":{"line":263,"column":82}},{"start":{},"end":{}}],"line":263},"27":{"loc":{"start":{"line":293,"column":6},"end":{"line":293,"column":61}},"type":"if","locations":[{"start":{"line":293,"column":6},"end":{"line":293,"column":61}},{"start":{},"end":{}}],"line":293},"28":{"loc":{"start":{"line":295,"column":6},"end":{"line":295,"column":69}},"type":"if","locations":[{"start":{"line":295,"column":6},"end":{"line":295,"column":69}},{"start":{},"end":{}}],"line":295},"29":{"loc":{"start":{"line":298,"column":6},"end":{"line":298,"column":63}},"type":"if","locations":[{"start":{"line":298,"column":6},"end":{"line":298,"column":63}},{"start":{},"end":{}}],"line":298},"30":{"loc":{"start":{"line":300,"column":6},"end":{"line":300,"column":73}},"type":"if","locations":[{"start":{"line":300,"column":6},"end":{"line":300,"column":73}},{"start":{},"end":{}}],"line":300},"31":{"loc":{"start":{"line":312,"column":28},"end":{"line":312,"column":74}},"type":"binary-expr","locations":[{"start":{"line":312,"column":28},"end":{"line":312,"column":40}},{"start":{"line":312,"column":44},"end":{"line":312,"column":74}}],"line":312},"32":{"loc":{"start":{"line":315,"column":6},"end":{"line":315,"column":87}},"type":"if","locations":[{"start":{"line":315,"column":6},"end":{"line":315,"column":87}},{"start":{},"end":{}}],"line":315},"33":{"loc":{"start":{"line":317,"column":6},"end":{"line":318,"column":74}},"type":"if","locations":[{"start":{"line":317,"column":6},"end":{"line":318,"column":74}},{"start":{},"end":{}}],"line":317},"34":{"loc":{"start":{"line":317,"column":10},"end":{"line":317,"column":40}},"type":"binary-expr","locations":[{"start":{"line":317,"column":10},"end":{"line":317,"column":27}},{"start":{"line":317,"column":31},"end":{"line":317,"column":40}}],"line":317},"35":{"loc":{"start":{"line":320,"column":6},"end":{"line":320,"column":82}},"type":"if","locations":[{"start":{"line":320,"column":6},"end":{"line":320,"column":82}},{"start":{},"end":{}}],"line":320},"36":{"loc":{"start":{"line":353,"column":6},"end":{"line":356,"column":7}},"type":"if","locations":[{"start":{"line":353,"column":6},"end":{"line":356,"column":7}},{"start":{},"end":{}}],"line":353},"37":{"loc":{"start":{"line":353,"column":10},"end":{"line":353,"column":52}},"type":"binary-expr","locations":[{"start":{"line":353,"column":10},"end":{"line":353,"column":13}},{"start":{"line":353,"column":17},"end":{"line":353,"column":26}},{"start":{"line":353,"column":30},"end":{"line":353,"column":52}}],"line":353}},"s":{"0":0,"1":0,"2":0,"3":0,"4":0,"5":0,"6":0,"7":0,"8":0,"9":0,"10":0,"11":0,"12":0,"13":0,"14":0,"15":0,"16":0,"17":0,"18":0,"19":0,"20":0,"21":0,"22":0,"23":0,"24":0,"25":0,"26":0,"27":0,"28":0,"29":0,"30":0,"31":0,"32":0,"33":0,"34":0,"35":0,"36":0,"37":0,"38":0,"39":0,"40":0,"41":0,"42":0,"43":0,"44":0,"45":0,"46":0,"47":0,"48":0,"49":0,"50":0,"51":0,"52":0,"53":0,"54":0,"55":0,"56":0,"57":0,"58":0,"59":0,"60":0,"61":0,"62":0,"63":0,"64":0,"65":0,"66":0,"67":0,"68":0,"69":0,"70":0,"71":0,"72":0,"73":0,"74":0,"75":0,"76":0,"77":0,"78":0,"79":0,"80":0,"81":0,"82":0,"83":0,"84":0,"85":0,"86":0,"87":0,"88":0,"89":0,"90":0,"91":0,"92":0,"93":0,"94":0,"95":0,"96":0,"97":0,"98":0,"99":0,"100":0,"101":0,"102":0,"103":0,"104":0,"105":0,"106":0,"107":0,"108":0,"109":0,"110":0,"111":0,"112":0,"113":0,"114":0,"115":0,"116":0,"117":0,"118":0,"119":0,"120":0,"121":0,"122":0,"123":0,"124":0,"125":0,"126":0,"127":0,"128":0,"129":0,"130":0,"131":0,"132":0,"133":0,"134":0,"135":0,"136":0,"137":0,"138":0,"139":0,"140":0,"141":0,"142":0,"143":0,"144":0,"145":0,"146":0,"147":0,"148":0,"149":0,"150":0,"151":0,"152":0,"153":0,"154":0,"155":0,"156":0,"157":0,"158":0,"159":0,"160":0,"161":0,"162":0,"163":0,"164":0,"165":0,"166":0,"167":0,"168":0,"169":0,"170":0,"171":0,"172":0,"173":0,"174":0,"175":0,"176":0,"177":0,"178":0,"179":0,"180":0,"181":0,"182":0,"183":0,"184":0,"185":0,"186":0,"187":0,"188":0,"189":0,"190":0,"191":0,"192":0,"193":0,"194":0,"195":0},"f":{"0":0,"1":0,"2":0,"3":0,"4":0,"5":0,"6":0,"7":0,"8":0,"9":0,"10":0,"11":0,"12":0,"13":0,"14":0,"15":0,"16":0,"17":0},"b":{"0":[0,0],"1":[0,0],"2":[0,0],"3":[0,0],"4":[0,0],"5":[0,0],"6":[0,0],"7":[0,0],"8":[0,0],"9":[0,0],"10":[0,0],"11":[0,0],"12":[0,0],"13":[0,0],"14":[0,0],"15":[0,0],"16":[0,0],"17":[0,0],"18":[0,0],"19":[0,0],"20":[0,0],"21":[0,0],"22":[0,0],"23":[0,0],"24":[0,0],"25":[0,0],"26":[0,0],"27":[0,0],"28":[0,0],"29":[0,0],"30":[0,0],"31":[0,0],"32":[0,0],"33":[0,0],"34":[0,0],"35":[0,0],"36":[0,0],"37":[0,0,0]}}
,"/Users/kynguyen/Documents/Workspace/PingMe/pingme-app/business/services/BalanceService.ts": {"path":"/Users/kynguyen/Documents/Workspace/PingMe/pingme-app/business/services/BalanceService.ts","statementMap":{"0":{"start":{"line":13,"column":29},"end":{"line":13,"column":31}},"1":{"start":{"line":14,"column":45},"end":{"line":14,"column":49}},"2":{"start":{"line":16,"column":48},"end":{"line":16,"column":50}},"3":{"start":{"line":17,"column":54},"end":{"line":17,"column":56}},"4":{"start":{"line":19,"column":19},"end":{"line":19,"column":24}},"5":{"start":{"line":22,"column":34},"end":{"line":22,"column":40}},"6":{"start":{"line":25,"column":4},"end":{"line":25,"column":57}},"7":{"start":{"line":29,"column":4},"end":{"line":31,"column":5}},"8":{"start":{"line":30,"column":6},"end":{"line":30,"column":53}},"9":{"start":{"line":32,"column":4},"end":{"line":32,"column":35}},"10":{"start":{"line":37,"column":4},"end":{"line":37,"column":41}},"11":{"start":{"line":41,"column":4},"end":{"line":41,"column":82}},"12":{"start":{"line":41,"column":65},"end":{"line":41,"column":80}},"13":{"start":{"line":45,"column":4},"end":{"line":45,"column":44}},"14":{"start":{"line":49,"column":4},"end":{"line":49,"column":88}},"15":{"start":{"line":49,"column":71},"end":{"line":49,"column":86}},"16":{"start":{"line":53,"column":4},"end":{"line":53,"column":61}},"17":{"start":{"line":53,"column":42},"end":{"line":53,"column":59}},"18":{"start":{"line":57,"column":4},"end":{"line":57,"column":73}},"19":{"start":{"line":57,"column":45},"end":{"line":57,"column":71}},"20":{"start":{"line":62,"column":4},"end":{"line":62,"column":25}},"21":{"start":{"line":66,"column":4},"end":{"line":66,"column":34}},"22":{"start":{"line":70,"column":4},"end":{"line":70,"column":30}},"23":{"start":{"line":75,"column":4},"end":{"line":75,"column":28}},"24":{"start":{"line":75,"column":21},"end":{"line":75,"column":28}},"25":{"start":{"line":76,"column":4},"end":{"line":76,"column":23}},"26":{"start":{"line":78,"column":4},"end":{"line":102,"column":5}},"27":{"start":{"line":79,"column":17},"end":{"line":79,"column":49}},"28":{"start":{"line":80,"column":6},"end":{"line":80,"column":36}},"29":{"start":{"line":81,"column":6},"end":{"line":81,"column":36}},"30":{"start":{"line":83,"column":18}
[...]
start":{"line":148,"column":4},"end":{"line":170,"column":5}},"41":{"start":{"line":149,"column":6},"end":{"line":156,"column":7}},"42":{"start":{"line":150,"column":8},"end":{"line":154,"column":11}},"43":{"start":{"line":155,"column":8},"end":{"line":155,"column":15}},"44":{"start":{"line":158,"column":25},"end":{"line":158,"column":53}},"45":{"start":{"line":159,"column":6},"end":{"line":166,"column":7}},"46":{"start":{"line":160,"column":8},"end":{"line":164,"column":11}},"47":{"start":{"line":165,"column":8},"end":{"line":165,"column":15}},"48":{"start":{"line":168,"column":6},"end":{"line":168,"column":31}},"49":{"start":{"line":169,"column":6},"end":{"line":169,"column":47}},"50":{"start":{"line":173,"column":26},"end":{"line":173,"column":39}},"51":{"start":{"line":174,"column":4},"end":{"line":181,"column":5}},"52":{"start":{"line":175,"column":6},"end":{"line":179,"column":9}},"53":{"start":{"line":180,"column":6},"end":{"line":180,"column":13}},"54":{"start":{"line":183,"column":26},"end":{"line":183,"column":51}},"55":{"start":{"line":184,"column":4},"end":{"line":191,"column":5}},"56":{"start":{"line":185,"column":6},"end":{"line":189,"column":9}},"57":{"start":{"line":190,"column":6},"end":{"line":190,"column":13}},"58":{"start":{"line":193,"column":29},"end":{"line":193,"column":59}},"59":{"start":{"line":194,"column":4},"end":{"line":201,"column":5}},"60":{"start":{"line":195,"column":6},"end":{"line":199,"column":9}},"61":{"start":{"line":200,"column":6},"end":{"line":200,"column":13}},"62":{"start":{"line":203,"column":4},"end":{"line":213,"column":5}},"63":{"start":{"line":204,"column":6},"end":{"line":211,"column":9}},"64":{"start":{"line":212,"column":6},"end":{"line":212,"column":13}},"65":{"start":{"line":216,"column":30},"end":{"line":216,"column":46}},"66":{"start":{"line":217,"column":4},"end":{"line":227,"column":5}},"67":{"start":{"line":218,"column":6},"end":{"line":225,"column":7}},"68":{"start":{"line":219,"column":8},"end":{"line":223,"column":11}},"69":{"start":{"line":224,"column":8},"end":{"line":224,"column":15}},"70":{"start":{"line":226,"column":6},"end":{"line":226,"column":49}},"71":{"start":{"line":230,"column":25},"end":{"line":237,"column":5}},"72":{"start":{"line":239,"column":4},"end":{"line":246,"column":5}},"73":{"start":{"line":240,"column":6},"end":{"line":240,"column":51}},"74":{"start":{"line":242,"column":6},"end":{"line":245,"column":9}},"75":{"start":{"line":249,"column":2},"end":{"line":309,"column":4}},"76":{"start":{"line":275,"column":42},"end":{"line":275,"column":64}},"77":{"start":{"line":282,"column":27},"end":{"line":282,"column":50}},"78":{"start":{"line":284,"column":14},"end":{"line":284,"column":38}},"79":{"start":{"line":285,"column":14},"end":{"line":285,"column":38}}},"fnMap":{"0":{"name":"PingMeScreen","decl":{"start":{"line":30,"column":24},"end":{"line":30,"column":36}},"loc":{"start":{"line":30,"column":39},"end":{"line":310,"column":1}},"line":30},"1":{"name":"(anonymous_1)","decl":{"start":{"line":47,"column":25},"end":{"line":47,"column":26}},"loc":{"start":{"line":47,"column":47},"end":{"line":91,"column":3}},"line":47},"2":{"name":"(anonymous_2)","decl":{"start":{"line":93,"column":12},"end":{"line":93,"column":13}},"loc":{"start":{"line":93,"column":18},"end":{"line":95,"column":3}},"line":93},"3":{"name":"(anonymous_3)","decl":{"start":{"line":97,"column":12},"end":{"line":97,"column":13}},"loc":{"start":{"line":97,"column":18},"end":{"line":130,"column":3}},"line":97},"4":{"name":"(anonymous_4)","decl":{"start":{"line":100,"column":6},"end":{"line":100,"column":7}},"loc":{"start":{"line":100,"column":12},"end":{"line":109,"column":7}},"line":100},"5":{"name":"(anonymous_5)","decl":{"start":{"line":114,"column":6},"end":{"line":114,"column":7}},"loc":{"start":{"line":114,"column":12},"end":{"line":123,"column":7}},"line":114},"6":{"name":"(anonymous_6)","decl":{"start":{"line":126,"column":11},"end":{"line":126,"column":12}},"loc":{"start":{"line":126,"column":17},"end":{"line":129,"column":5}},"line":126},"7":{"name":"(anonymous_7)","decl":{"start":{"line":133,"column":12},"end":{"line":133,"column":13}},"loc":{"start":{"line":133,"column":18},"end":{"line":141,"column":3}},"line":133},"8":{"name":"(anonymous_8)","decl":{"start":{"line":143,"column":26},"end":{"line":143,"column":27}},"loc":{"start":{"line":143,"column":43},"end":{"line":143,"column":70}},"line":143},"9":{"name":"(anonymous_9)","decl":{"start":{"line":145,"column":25},"end":{"line":145,"column":26}},"loc":{"start":{"line":145,"column":37},"end":{"line":247,"column":3}},"line":145},"10":{"name":"(anonymous_10)","decl":{"start":{"line":275,"column":36},"end":{"line":275,"column":37}},"loc":{"start":{"line":275,"column":42},"end":{"line":275,"column":64}},"line":275},"11":{"name":"(anonymous_11)","decl":{"start":{"line":282,"column":21},"end":{"line":282,"column":22}},"loc":{"start":{"line":282,"column":27},"end":{"line":282,"column":50}},"line":282},"12":{"name":"(anonymous_12)","decl":{"start":{"line":283,"column":22},"end":{"line":283,"column":23}},"loc":{"start":{"line":283,"column":41},"end":{"line":286,"column":13}},"line":283}},"branchMap":{"0":{"loc":{"start":{"line":48,"column":4},"end":{"line":90,"column":5}},"type":"if","locations":[{"start":{"line":48,"column":4},"end":{"line":90,"column":5}},{"start":{"line":69,"column":11},"end":{"line":90,"column":5}}],"line":48},"1":{"loc":{"start":{"line":99,"column":6},"end":{"line":99,"column":68}},"type":"cond-expr","locations":[{"start":{"line":99,"column":30},"end":{"line":99,"column":48}},{"start":{"line":99,"column":51},"end":{"line":99,"column":68}}],"line":99},"2":{"loc":{"start":{"line":113,"column":6},"end":{"line":113,"column":68}},"type":"cond-expr","locations":[{"start":{"line":113,"column":30},"end":{"line":113,"column":48}},{"start":{"line":113,"column":51},"end":{"line":113,"column":68}}],"line":113},"3":{"loc":{"start":{"line":135,"column":4},"end":{"line":140,"column":5}},"type":"if","locations":[{"start":{"line":135,"column":4},"end":{"line":140,"column":5}},{"start":{},"end":{}}],"line":135},"4":{"loc":{"start":{"line":137,"column":6},"end":{"line":137,"column":93}},"type":"if","locations":[{"start":{"line":137,"column":6},"end":{"line":137,"column":93}},{"start":{},"end":{}}],"line":137},"5":{"loc":{"start":{"line":137,"column":10},"end":{"line":137,"column":72}},"type":"binary-expr","locations":[{"start":{"line":137,"column":10},"end":{"line":137,"column":19}},{"start":{"line":137,"column":24},"end":{"line":137,"column":44}},{"start":{"line":137,"column":48},"end":{"line":137,"column":71}}],"line":137},"6":{"loc":{"start":{"line":138,"column":6},"end":{"line":138,"column":77}},"type":"if","locations":[{"start":{"line":138,"column":6},"end":{"line":138,"column":77}},{"start":{},"end":{}}],"line":138},"7":{"loc":{"start":{"line":138,"column":10},"end":{"line":138,"column":54}},"type":"binary-expr","locations":[{"start":{"line":138,"column":10},"end":{"line":138,"column":20}},{"start":{"line":138,"column":24},"end":{"line":138,"column":54}}],"line":138},"8":{"loc":{"start":{"line":139,"column":6},"end":{"line":139,"column":85}},"type":"if","locations":[{"start":{"line":139,"column":6},"end":{"line":139,"column":85}},{"start":{},"end":{}}],"line":139},"9":{"loc":{"start":{"line":139,"column":10},"end":{"line":139,"column":52}},"type":"binary-expr","locations":[{"start":{"line":139,"column":10},"end":{"line":139,"column":21}},{"start":{"line":139,"column":25},"end":{"line":139,"column":52}}],"line":139},"10":{"loc":{"start":{"line":148,"column":4},"end":{"line":170,"column":5}},"type":"if","locations":[{"start":{"line":148,"column":4},"end":{"line":170,"column":5}},{"start":{},"end":{}}],"line":148},"11":{"loc":{"start":{"line":149,"column":6},"end":{"line":156,"column":7}},"type":"if","locations":[{"start":{"line":149,"column":6},"end":{"line":156,"column":7}},{"start":{},"end":{}}],"line":149},"12":{"loc":{"start":{"line":159,"column":6},"end":{"line":166,"column":7}},"type":"if","locations":[{"start":{"line":159,"column":6},"end":{"line":166,"column":7}},{"start":{},"end":{}}],"line":159},"13":{"loc":{"start":{"line":174,"column":4},"end":{"line":181,"column":5}},"type":"if","locations":[{"start":{"line":174,"column":4},"end":{"line":181,"column":5}},{"start":{},"end":{}}],"line":174},"14":{"loc":{"start":{"line":184,"column":4},"end":{"line":191,"column":5}},"type":"if","locations":[{"start":{"line":184,"column":4},"end":{"line":191,"column":5}},{"start":{},"end":{}}],"line":184},"15":{"loc":{"start":{"line":184,"column":8},"end":{"line":184,"column":50}},"type":"binary-expr","locations":[{"start":{"line":184,"column":8},"end":{"line":184,"column":28}},{"start":{"line":184,"column":32},"end":{"line":184,"column":50}}],"line":184},"16":{"loc":{"start":{"line":194,"column":4},"end":{"line":201,"column":5}},"type":"if","locations":[{"start":{"line":194,"column":4},"end":{"line":201,"column":5}},{"start":{},"end":{}}],"line":194},"17":{"loc":{"start":{"line":203,"column":4},"end":{"line":213,"column":5}},"type":"if","locations":[{"start":{"line":203,"column":4},"end":{"line":213,"column":5}},{"start":{},"end":{}}],"line":203},"18":{"loc":{"start":{"line":217,"column":4},"end":{"line":227,"column":5}},"type":"if","locations":[{"start":{"line":217,"column":4},"end":{"line":227,"column":5}},{"start":{},"end":{}}],"line":217},"19":{"loc":{"start":{"line":218,"column":6},"end":{"line":225,"column":7}},"type":"if","locations":[{"start":{"line":218,"column":6},"end":{"line":225,"column":7}},{"start":{},"end":{}}],"line":218},"20":{"loc":{"start":{"line":218,"column":10},"end":{"line":218,"column":69}},"type":"binary-expr","locations":[{"start":{"line":218,"column":10},"end":{"line":218,"column":36}},{"start":{"line":218,"column":40},"end":{"line":218,"column":52}},{"start":{"line":218,"column":56},"end":{"line":218,"column":69}}],"line":218},"21":{"loc":{"start":{"line":239,"column":4},"end":{"line":246,"column":5}},"type":"if","locations":[{"start":{"line":239,"column":4},"end":{"line":246,"column":5}},{"start":{"line":241,"column":11},"end":{"line":246,"column":5}}],"line":239},"22":{"loc":{"start":{"line":271,"column":13},"end":{"line":277,"column":13}},"type":"binary-expr","locations":[{"start":{"line":271,"column":13},"end":{"line":271,"column":38}},{"start":{"line":272,"column":14},"end":{"line":276,"column":16}}],"line":271},"23":{"loc":{"start":{"line":298,"column":13},"end":{"line":300,"column":20}},"type":"cond-expr","locations":[{"start":{"line":299,"column":14},"end":{"line":299,"column":77}},{"start":{"line":300,"column":16},"end":{"line":300,"column":20}}],"line":298}},"s":{"0":1,"1":1,"2":1,"3":1,"4":1,"5":1,"6":1,"7":1,"8":1,"9":1,"10":1,"11":1,"12":1,"13":1,"14":1,"15":0,"16":1,"17":1,"18":1,"19":1,"20":0,"21":1,"22":0,"23":1,"24":1,"25":1,"26":1,"27":1,"28":1,"29":1,"30":1,"31":0,"32":1,"33":0,"34":1,"35":0,"36":1,"37":0,"38":1,"39":1,"40":1,"41":1,"42":1,"43":1,"44":0,"45":0,"46":0,"47":0,"48":0,"49":0,"50":0,"51":0,"52":0,"53":0,"54":0,"55":0,"56":0,"57":0,"58":0,"59":0,"60":0,"61":0,"62":0,"63":0,"64":0,"65":0,"66":0,"67":0,"68":0,"69":0,"70":0,"71":0,"72":0,"73":0,"74":0,"75":1,"76":0,"77":0,"78":0,"79":0},"f":{"0":1,"1":1,"2":1,"3":1,"4":0,"5":0,"6":1,"7":1,"8":0,"9":1,"10":0,"11":0,"12":0},"b":{"0":[1,0],"1":[1,0],"2":[1,0],"3":[1,0],"4":[0,1],"5":[1,0,0],"6":[0,1],"7":[1,0],"8":[0,1],"9":[1,0],"10":[1,0],"11":[1,0],"12":[0,0],"13":[0,0],"14":[0,0],"15":[0,0],"16":[0,0],"17":[0,0],"18":[0,0],"19":[0,0],"20":[0,0,0],"21":[0,0],"22":[1,1],"23":[1,0]},"_coverageSchema":"1a1c01bbd47fc00a2c39e90264f33305004495a9","hash":"a48e71e07ac404b19bd8977c6bac3a9e07ced448"}
,"/Users/kynguyen/Documents/Workspace/PingMe/pingme-app/screens/Send/PingMe/RecentEmailStorage.ts": {"path":"/Users/kynguyen/Documents/Workspace/PingMe/pingme-app/screens/Send/PingMe/RecentEmailStorage.ts","statementMap":{"0":{"start":{"line":3,"column":20},"end":{"line":3,"column":35}},"1":{"start":{"line":5,"column":34},"end":{"line":51,"column":1}},"2":{"start":{"line":10,"column":4},"end":{"line":16,"column":5}},"3":{"start":{"line":11,"column":19},"end":{"line":11,"column":58}},"4":{"start":{"line":12,"column":6},"end":{"line":12,"column":42}},"5":{"start":{"line":14,"column":6},"end":{"line":14,"column":58}},"6":{"start":{"line":15,"column":6},"end":{"line":15,"column":16}},"7":{"start":{"line":25,"column":4},"end":{"line":37,"column":5}},"8":{"start":{"line":26,"column":23},"end":{"line":26,"column":40}},"9":{"start":{"line":27,"column":22},"end":{"line":29,"column":7}},"10":{"start":{"line":28,"column":19},"end":{"line":28,"column":65}},"11":{"start":{"line":31,"column":22},"end":{"line":31,"column":57}},"12":{"start":{"line":32,"column":6},"end":{"line":32,"column":71}},"13":{"start":{"line":34,"column":6},"end":{"line":34,"column":53}},"14":{"start":{"line":36,"column":6},"end":{"line":36,"column":50}},"15":{"start":{"line":44,"column":4},"end":{"line":49,"column":5}},"16":{"start":{"line":45,"column":6},"end":{"line":45,"column":49}},"17":{"start":{"line":46,"column":6},"end":{"line":46,"column":51}},"18":{"start":{"line":48,"column":6},"end":{"line":48,"column":59}}},"fnMap":{"0":{"name":"(anonymous_0)","decl":{"start":{"line":9,"column":2},"end":{"line":9,"column":3}},"loc":{"start":{"line":9,"column":34},"end":{"line":17,"column":3}},"line":9},"1":{"name":"(anonymous_1)","decl":{"start":{"line":24,"column":2},"end":{"line":24,"column":3}},"loc":{"start":{"line":24,"column":46},"end":{"line":38,"column":3}},"line":24},"2":{"name":"(anonymous_2)","decl":{"start":{"line":28,"column":8},"end":{"line":28,"column":9}},"loc":{"start":{"line":28,"column":19},"end":{"line":28,"column":65}},"line":28},"3":{"name":"(anonymous_3)","decl":{"start":{"line":43,"column":2},"end":{"line":43,"column":3}},"loc":{"start":{"line":43,"column":31},"end":{"line":50,"column":3}},"line":43}},"branchMap":{"0":{"loc":{"start":{"line":12,"column":13},"end":{"line":12,"column":41}},"type":"cond-expr","locations":[{"start":{"line":12,"column":20},"end":{"line":12,"column":36}},{"start":{"line":12,"column":39},"end":{"line":12,"column":41}}],"line":12}},"s":{"0":2,"1":2,"2":12,"3":12,"4":11,"5":2,"6":2,"7":5,"8":5,"9":5,"10":13,"11":5,"12":5,"13":4,"14":1,"15":2,"16":2,"17":1,"18":1},"f":{"0":12,"1":5,"2":13,"3":2},"b":{"0":[5,6]},"_coverageSchema":"1a1c01bbd47fc00a2c39e90264f33305004495a9","hash":"78f04ae3d0a8824bec8e808184bab3de4056094f"}
,"/Users/kynguyen/Documents/Workspace/PingMe/pingme-app/screens/Send/PingMe/RecentList.tsx": {"path":"/Users/kynguyen/Documents/Workspace/PingMe/pingme-app/screens/Send/PingMe/RecentList.tsx","statementMap":{"0":{"start":{"line":10,"column":2},"end":{"line":41,"column":4}},"1":{"start":{"line":24,"column":10},"end":{"line":37,"column":29}},"2":{"start":{"line":27,"column":27},"end":{"line":27,"column":43}}},"fnMap":{"0":{"name":"RecentList","decl":{"start":{"line":9,"column":24},"end":{"line":9,"column":34}},"loc":{"start":{"line":9,"column":70},"end":{"line":42,"column":1}},"line":9},"1":{"name":"(anonymous_1)","decl":{"start":{"line":23,"column":19},"end":{"line":23,"column":20}},"loc":{"start":{"line":24,"column":10},"end":{"line":37,"column":29}},"line":24},"2":{"name":"(anonymous_2)","decl":{"start":{"line":27,"column":21},"end":{"line":27,"column":22}},"loc":{"start":{"line":27,"column":27},"end":{"line":27,"column":43}},"line":27}},"branchMap":{"0":{"loc":{"start":{"line":12,"column":7},"end":{"line":16,"column":7}},"type":"binary-expr","locations":[{"start":{"line":12,"column":7},"end":{"line":12,"column":12}},{"start":{"line":13,"column":8},"end":{"line":15,"column":15}}],"line":12}},"s":{"0":0,"1":0,"2":0},"f":{"0":0,"1":0,"2":0},"b":{"0":[0,0]},"_coverageSchema":"1a1c01bbd47fc00a2c39e90264f33305004495a9","hash":"44d9c5695175a84e56d646f67de066f7068fc0eb"}
,"/Users/kynguyen/Documents/Workspace/PingMe/pingme-app/screens/Send/PingMe/SendRequestTab.tsx": {"path":"/Users/kynguyen/Documents/Workspace/PingMe/pingme-app/screens/Send/PingMe/SendRequestTab.tsx","statementMap":{"0":{"start":{"line":6,"column":17},"end":{"line":8,"column":1}},"1":{"start":{"line":7,"column":2},"end":{"line":7,"column":71}},"2":{"start":{"line":10,"column":20},"end":{"line":12,"column":1}},"3":{"start":{"line":11,"column":2},"end":{"line":11,"column":72}},"4":{"start":{"line":22,"column":2},"end":{"line":34,"column":4}},"5":{"start":{"line":26,"column":27},"end":{"line":26,"column":62}}},"fnMap":{"0":{"name":"(anonymous_0)","decl":{"start":{"line":6,"column":17},"end":{"line":6,"column":18}},"loc":{"start":{"line":7,"column":2},"end":{"line":7,"column":71}},"line":7},"1":{"name":"(anonymous_1)","decl":{"start":{"line":10,"column":20},"end":{"line":10,"column":21}},"loc":{"start":{"line":11,"column":2},"end":{"line":11,"column":72}},"line":11},"2":{"name":"SendRequestTab","decl":{"start":{"line":21,"column":24},"end":{"line":21,"column":38}},"loc":{"start":{"line":21,"column":95},"end":{"line":35,"column":1}},"line":21},"3":{"name":"(anonymous_3)","decl":{"start":{"line":26,"column":18},"end":{"line":26,"column":19}},"loc":{"start":{"line":26,"column":27},"end":{"line":26,"column":62}},"line":26}},"branchMap":{"0":{"loc":{"start":{"line":7,"column":37},"end":{"line":7,"column":67}},"type":"cond-expr","locations":[{"start":{"line":7,"column":48},"end":{"line":7,"column":55}},{"start":{"line":7,"column":58},"end":{"line":7,"column":67}}],"line":7},"1":{"loc":{"start":{"line":11,"column":38},"end":{"line":11,"column":68}},"type":"cond-expr","locations":[{"start":{"line":11,"column":49},"end":{"line":11,"column":56}},{"start":{"line":11,"column":59},"end":{"line":11,"column":68}}],"line":11},"2":{"loc":{"start":{"line":31,"column":9},"end":{"line":31,"column":55}},"type":"cond-expr","locations":[{"start":{"line":31,"column":27},"end":{"line":31,"column":38}},{"start":{"line":31,"column":41},"end":{"line":31,"column":55}}],"line":31}},"s":{"0":2,"1":1,"2":2,"3":1,"4":8,"5":2},"f":{"0":1,"1":1,"2":8,"3":2},"b":{"0":[1,0],"1":[0,1],"2":[5,3]},"_coverageSchema":"1a1c01bbd47fc00a2c39e90264f33305004495a9","hash":"aae3b1c0285cbf493a7f2c13e5db822e493a2b7d"}
,"/Users/kynguyen/Documents/Workspace/PingMe/pingme-app/utils/flashMessage.ts": {"path":"/Users/kynguyen/Documents/Workspace/PingMe/pingme-app/utils/flashMessage.ts","statementMap":{"0":{"start":{"line":21,"column":2},"end":{"line":29,"column":5}}},"fnMap":{"0":{"name":"showFlashMessage","decl":{"start":{"line":14,"column":16},"end":{"line":14,"column":32}},"loc":{"start":{"line":20,"column":23},"end":{"line":30,"column":1}},"line":20}},"branchMap":{"0":{"loc":{"start":{"line":17,"column":2},"end":{"line":17,"column":18}},"type":"default-arg","locations":[{"start":{"line":17,"column":9},"end":{"line":17,"column":18}}],"line":17},"1":{"loc":{"start":{"line":22,"column":13},"end":{"line":22,"column":29}},"type":"binary-expr","locations":[{"start":{"line":22,"column":13},"end":{"line":22,"column":18}},{"start":{"line":22,"column":22},"end":{"line":22,"column":29}}],"line":22},"2":{"loc":{"start":{"line":23,"column":17},"end":{"line":23,"column":44}},"type":"cond-expr","locations":[{"start":{"line":23,"column":25},"end":{"line":23,"column":32}},{"start":{"line":23,"column":35},"end":{"line":23,"column":44}}],"line":23},"3":{"loc":{"start":{"line":25,"column":10},"end":{"line":25,"column":57}},"type":"binary-expr","locations":[{"start":{"line":25,"column":10},"end":{"line":25,"column":14}},{"start":{"line":25,"column":19},"end":{"line":25,"column":56}}],"line":25},"4":{"loc":{"start":{"line":25,"column":19},"end":{"line":25,"column":56}},"type":"cond-expr","locations":[{"start":{"line":25,"column":40},"end":{"line":25,"column":44}},{"start":{"line":25,"column":47},"end":{"line":25,"column":56}}],"line":25}},"s":{"0":7},"f":{"0":7},"b":{"0":[3],"1":[7,6],"2":[1,6],"3":[7,6],"4":[3,3]},"_coverageSchema":"1a1c01bbd47fc00a2c39e90264f33305004495a9","hash":"6e44343b3deef3313f647bf151ab302d6362bdc9"}
}
