TN:
SF:business/Config.ts
FN:23,(anonymous_0)
FN:29,(anonymous_1)
FN:31,(anonymous_2)
FN:41,(anonymous_3)
FNF:4
FNH:0
FNDA:0,(anonymous_0)
FNDA:0,(anonymous_1)
FNDA:0,(anonymous_2)
FNDA:0,(anonymous_3)
DA:3,8
DA:7,8
DA:9,8
DA:20,8
DA:21,8
DA:23,8
DA:24,0
DA:25,0
DA:26,0
DA:29,8
DA:31,8
DA:32,0
DA:33,0
DA:34,0
DA:36,0
DA:38,0
DA:41,8
DA:42,0
DA:43,0
DA:44,0
DA:45,0
DA:48,0
DA:50,0
DA:53,8
DA:54,8
DA:55,8
DA:56,8
DA:57,8
DA:58,8
DA:59,8
LF:30
LH:16
BRDA:44,0,0,0
BRDA:44,0,1,0
BRDA:44,1,0,0
BRDA:44,1,1,0
BRF:4
BRH:0
end_of_record
TN:
SF:business/Constants.ts
FNF:0
FNH:0
DA:1,8
DA:2,8
DA:3,8
DA:4,8
DA:5,8
DA:6,8
DA:7,8
DA:8,8
DA:9,8
DA:10,8
DA:11,8
DA:12,8
DA:13,8
DA:14,8
DA:15,8
DA:16,8
DA:17,8
DA:18,8
DA:19,8
DA:20,8
DA:21,8
DA:22,8
DA:23,8
DA:24,8
DA:25,8
DA:26,8
DA:27,8
DA:28,8
DA:29,8
DA:30,8
DA:31,8
DA:32,8
DA:33,8
DA:34,8
DA:35,8
DA:36,8
DA:38,8
DA:43,8
DA:47,8
DA:51,8
DA:52,8
DA:53,8
LF:42
LH:42
BRF:0
BRH:0
end_of_record
TN:
SF:business/CryptoUtils.ts
FN:18,(anonymous_0)
FN:23,(anonymous_1)
FN:42,(anonymous_2)
FN:47,(anonymous_3)
FN:51,(anonymous_4)
FN:55,(anonymous_5)
FN:59,(anonymous_6)
FN:63,(anonymous_7)
FN:76,(anonymous_8)
FN:80,(anonymous_9)
FN:84,(anonymous_10)
FN:88,(anonymous_11)
FN:93,(anonymous_12)
FN:97,(anonymous_13)
FN:103,(anonymous_14)
FN:109,(anonymous_15)
FN:116,(anonymous_16)
FN:122,(anonymous_17)
FN:126,(anonymous_18)
FN:131,(anonymous_19)
FN:156,(anonymous_20)
FNF:21
FNH:16
FNDA:0,(anonymous_0)
FNDA:0,(anonymous_1)
FNDA:0,(anonymous_2)
FNDA:1,(anonymous_3)
FNDA:3,(anonymous_4)
FNDA:5,(anonymous_5)
FNDA:12,(anonymous_6)
FNDA:3,(anonymous_7)
FNDA:1,(anonymous_8)
FNDA:4,(anonymous_9)
FNDA:1,(anonymous_10)
FNDA:2,(anonymous_11)
FNDA:3,(anonymous_12)
FNDA:1,(anonymous_13)
FNDA:2,(anonymous_14)
FNDA:2,(anonymous_15)
FNDA:3,(anonymous_16)
FNDA:2,(anonymous_17)
FNDA:1,(anonymous_18)
FNDA:0,(anonymous_19)
FNDA:0,(anonymous_20)
DA:19,0
DA:20,0
DA:21,0
DA:24,0
DA:25,0
DA:29,0
DA:32,0
DA:33,0
DA:34,0
DA:36,0
DA:37,0
DA:38,0
DA:39,0
DA:43,0
DA:44,0
DA:48,1
DA:52,3
DA:56,5
DA:60,12
DA:67,3
DA:68,3
DA:69,3
DA:70,3
DA:71,170
DA:73,3
DA:77,1
DA:81,4
DA:85,1
DA:89,2
DA:90,2
DA:94,3
DA:98,1
DA:99,1
DA:100,1
DA:104,2
DA:105,61
DA:106,2
DA:110,2
DA:111,1
DA:113,1
DA:117,3
DA:118,3
DA:119,3
DA:123,2
DA:127,1
DA:128,1
DA:135,0
DA:136,0
DA:143,0
DA:144,0
DA:151,0
DA:152,0
DA:153,0
DA:162,0
DA:163,0
DA:170,0
DA:171,0
DA:172,0
DA:173,0
DA:178,0
LF:60
LH:31
BRDA:24,0,0,0
BRDA:24,0,1,0
BRDA:33,1,0,0
BRDA:33,1,1,0
BRDA:33,2,0,0
BRDA:33,2,1,0
BRDA:36,3,0,0
BRDA:36,3,1,0
BRDA:64,4,0,1
BRDA:65,5,0,2
BRDA:90,6,0,1
BRDA:90,6,1,1
BRDA:94,7,0,2
BRDA:94,7,1,1
BRDA:105,8,0,63
BRDA:105,8,1,62
BRDA:110,9,0,1
BRDA:110,9,1,1
BRDA:135,10,0,0
BRDA:135,10,1,0
BRDA:162,11,0,0
BRDA:162,11,1,0
BRF:22
BRH:10
end_of_record
TN:
SF:business/EncryptSession.ts
FN:18,(anonymous_0)
FN:27,(anonymous_1)
FN:38,(anonymous_2)
FN:47,(anonymous_3)
FN:52,(anonymous_4)
FNF:5
FNH:0
FNDA:0,(anonymous_0)
FNDA:0,(anonymous_1)
FNDA:0,(anonymous_2)
FNDA:0,(anonymous_3)
FNDA:0,(anonymous_4)
DA:5,5
DA:15,5
DA:19,0
DA:20,0
DA:22,0
DA:28,0
DA:29,0
DA:30,0
DA:32,0
DA:33,0
DA:39,0
DA:40,0
DA:42,0
DA:48,0
DA:53,0
LF:15
LH:2
BRDA:30,0,0,0
BRDA:30,0,1,0
BRF:2
BRH:0
end_of_record
TN:
SF:business/Types.ts
FNF:0
FNH:0
LF:0
LH:0
BRF:0
BRH:0
end_of_record
TN:
SF:business/Utils.ts
FN:12,(anonymous_0)
FN:16,(anonymous_1)
FN:24,(anonymous_2)
FN:33,(anonymous_3)
FN:41,(anonymous_4)
FN:51,(anonymous_5)
FN:59,(anonymous_6)
FN:70,(anonymous_7)
FN:81,(anonymous_8)
FN:83,(anonymous_9)
FN:90,(anonymous_10)
FN:111,(anonymous_11)
FN:125,(anonymous_12)
FN:143,(anonymous_13)
FN:151,(anonymous_14)
FN:160,(anonymous_15)
FNF:16
FNH:15
FNDA:0,(anonymous_0)
FNDA:2,(anonymous_1)
FNDA:2,(anonymous_2)
FNDA:2,(anonymous_3)
FNDA:3,(anonymous_4)
FNDA:2,(anonymous_5)
FNDA:2,(anonymous_6)
FNDA:2,(anonymous_7)
FNDA:7,(anonymous_8)
FNDA:6,(anonymous_9)
FNDA:3,(anonymous_10)
FNDA:2,(anonymous_11)
FNDA:5,(anonymous_12)
FNDA:13,(anonymous_13)
FNDA:2,(anonymous_14)
FNDA:1,(anonymous_15)
DA:13,0
DA:17,2
DA:18,2
DA:20,2
DA:25,2
DA:26,2
DA:28,1
DA:29,1
DA:34,2
DA:35,2
DA:37,1
DA:42,3
DA:43,3
DA:44,2
DA:46,1
DA:47,1
DA:52,2
DA:53,2
DA:55,2
DA:60,2
DA:61,2
DA:63,1
DA:71,2
DA:72,2
DA:74,1
DA:82,7
DA:84,6
DA:85,6
DA:86,6
DA:93,3
DA:94,3
DA:95,3
DA:97,3
DA:98,5
DA:99,5
DA:100,1
DA:101,4
DA:102,1
DA:103,3
DA:104,3
DA:108,3
DA:112,2
DA:113,2
DA:114,3
DA:115,3
DA:116,2
DA:119,2
DA:130,5
DA:131,5
DA:132,2
DA:134,5
DA:135,2
DA:137,5
DA:138,2
DA:140,5
DA:144,13
DA:145,13
DA:152,2
DA:153,2
DA:154,1
DA:161,1
LF:61
LH:60
BRDA:44,0,0,1
BRDA:44,0,1,1
BRDA:86,1,0,1
BRDA:86,1,1,5
BRDA:86,2,0,4
BRDA:86,2,1,1
BRDA:99,3,0,1
BRDA:99,3,1,4
BRDA:99,4,0,5
BRDA:99,4,1,1
BRDA:101,5,0,1
BRDA:101,5,1,3
BRDA:103,6,0,3
BRDA:103,6,1,0
BRDA:115,7,0,2
BRDA:115,7,1,1
BRDA:115,8,0,3
BRDA:115,8,1,2
BRDA:115,8,2,2
BRDA:131,9,0,2
BRDA:131,9,1,3
BRDA:134,10,0,2
BRDA:134,10,1,3
BRDA:137,11,0,2
BRDA:137,11,1,3
BRDA:153,12,0,1
BRDA:153,12,1,1
BRF:27
BRH:26
end_of_record
TN:
SF:business/services/AccountDataService.ts
FN:26,(anonymous_0)
FN:28,(anonymous_1)
FN:35,(anonymous_2)
FN:39,(anonymous_3)
FN:43,(anonymous_4)
FN:47,(anonymous_5)
FN:51,(anonymous_6)
FN:55,(anonymous_7)
FN:62,(anonymous_8)
FN:93,(anonymous_9)
FN:115,(anonymous_10)
FN:140,(anonymous_11)
FN:148,(anonymous_12)
FN:151,(anonymous_13)
FN:161,(anonymous_14)
FN:165,(anonymous_15)
FNF:16
FNH:0
FNDA:0,(anonymous_0)
FNDA:0,(anonymous_1)
FNDA:0,(anonymous_2)
FNDA:0,(anonymous_3)
FNDA:0,(anonymous_4)
FNDA:0,(anonymous_5)
FNDA:0,(anonymous_6)
FNDA:0,(anonymous_7)
FNDA:0,(anonymous_8)
FNDA:0,(anonymous_9)
FNDA:0,(anonymous_10)
FNDA:0,(anonymous_11)
FNDA:0,(anonymous_12)
FNDA:0,(anonymous_13)
FNDA:0,(anonymous_14)
FNDA:0,(anonymous_15)
DA:12,0
DA:13,0
DA:14,0
DA:16,0
DA:17,0
DA:18,0
DA:22,0
DA:23,0
DA:24,0
DA:29,0
DA:30,0
DA:32,0
DA:36,0
DA:40,0
DA:44,0
DA:48,0
DA:52,0
DA:56,0
DA:57,0
DA:58,0
DA:61,0
DA:62,0
DA:63,0
DA:64,0
DA:67,0
DA:68,0
DA:71,0
DA:72,0
DA:75,0
DA:77,0
DA:79,0
DA:83,0
DA:85,0
DA:86,0
DA:90,0
DA:98,0
DA:99,0
DA:100,0
DA:107,0
DA:108,0
DA:117,0
DA:118,0
DA:121,0
DA:122,0
DA:123,0
DA:124,0
DA:125,0
DA:128,0
DA:129,0
DA:131,0
DA:132,0
DA:134,0
DA:135,0
DA:136,0
DA:141,0
DA:142,0
DA:143,0
DA:144,0
DA:145,0
DA:149,0
DA:150,0
DA:151,0
DA:152,0
DA:153,0
DA:154,0
DA:155,0
DA:156,0
DA:157,0
DA:158,0
DA:161,0
DA:162,0
DA:168,0
DA:169,0
DA:170,0
DA:172,0
DA:173,0
DA:174,0
DA:175,0
DA:176,0
DA:177,0
DA:180,0
DA:182,0
DA:183,0
DA:184,0
DA:185,0
DA:186,0
DA:187,0
DA:188,0
DA:191,0
DA:192,0
DA:193,0
DA:194,0
DA:196,0
DA:201,0
DA:203,0
DA:208,0
DA:209,0
DA:210,0
DA:212,0
LF:99
LH:0
BRDA:29,0,0,0
BRDA:29,0,1,0
BRDA:55,1,0,0
BRDA:56,2,0,0
BRDA:56,2,1,0
BRDA:56,3,0,0
BRDA:56,3,1,0
BRDA:58,4,0,0
BRDA:58,4,1,0
BRDA:68,5,0,0
BRDA:68,5,1,0
BRDA:98,6,0,0
BRDA:98,6,1,0
BRDA:98,7,0,0
BRDA:98,7,1,0
BRDA:98,7,2,0
BRDA:115,8,0,0
BRDA:117,9,0,0
BRDA:117,9,1,0
BRDA:117,10,0,0
BRDA:117,10,1,0
BRDA:123,11,0,0
BRDA:123,11,1,0
BRDA:129,12,0,0
BRDA:129,12,1,0
BRDA:149,13,0,0
BRDA:149,13,1,0
BRDA:152,14,0,0
BRDA:152,14,1,0
BRDA:153,15,0,0
BRDA:153,15,1,0
BRDA:154,16,0,0
BRDA:154,16,1,0
BRDA:156,17,0,0
BRDA:156,17,1,0
BRDA:161,18,0,0
BRDA:161,18,1,0
BRDA:161,19,0,0
BRDA:161,19,1,0
BRDA:170,20,0,0
BRDA:170,20,1,0
BRDA:175,21,0,0
BRDA:175,21,1,0
BRDA:182,22,0,0
BRDA:182,22,1,0
BRDA:183,23,0,0
BRDA:183,23,1,0
BRDA:186,24,0,0
BRDA:186,24,1,0
BRF:49
BRH:0
end_of_record
TN:
SF:business/services/AuthService.ts
FN:26,(anonymous_0)
FN:32,(anonymous_1)
FN:39,(anonymous_2)
FN:47,(anonymous_3)
FN:52,(anonymous_4)
FN:58,(anonymous_5)
FN:79,(anonymous_6)
FN:100,(anonymous_7)
FN:134,(anonymous_8)
FN:159,(anonymous_9)
FN:198,(anonymous_10)
FN:225,(anonymous_11)
FN:252,(anonymous_12)
FN:265,(anonymous_13)
FN:288,(anonymous_14)
FN:323,(anonymous_15)
FN:338,(anonymous_16)
FN:350,(anonymous_17)
FNF:18
FNH:0
FNDA:0,(anonymous_0)
FNDA:0,(anonymous_1)
FNDA:0,(anonymous_2)
FNDA:0,(anonymous_3)
FNDA:0,(anonymous_4)
FNDA:0,(anonymous_5)
FNDA:0,(anonymous_6)
FNDA:0,(anonymous_7)
FNDA:0,(anonymous_8)
FNDA:0,(anonymous_9)
FNDA:0,(anonymous_10)
FNDA:0,(anonymous_11)
FNDA:0,(anonymous_12)
FNDA:0,(anonymous_13)
FNDA:0,(anonymous_14)
FNDA:0,(anonymous_15)
FNDA:0,(anonymous_16)
FNDA:0,(anonymous_17)
DA:27,0
DA:28,0
DA:29,0
DA:32,0
DA:33,0
DA:34,0
DA:35,0
DA:40,0
DA:41,0
DA:43,0
DA:48,0
DA:49,0
DA:53,0
DA:54,0
DA:64,0
DA:65,0
DA:67,0
DA:68,0
DA:69,0
DA:70,0
DA:71,0
DA:72,0
DA:73,0
DA:75,0
DA:84,0
DA:85,0
DA:87,0
DA:88,0
DA:89,0
DA:90,0
DA:91,0
DA:92,0
DA:93,0
DA:95,0
DA:101,0
DA:102,0
DA:103,0
DA:104,0
DA:105,0
DA:106,0
DA:107,0
DA:108,0
DA:109,0
DA:110,0
DA:112,0
DA:113,0
DA:114,0
DA:116,0
DA:126,0
DA:127,0
DA:129,0
DA:135,0
DA:137,0
DA:138,0
DA:139,0
DA:141,0
DA:147,0
DA:148,0
DA:150,0
DA:160,0
DA:161,0
DA:162,0
DA:165,0
DA:166,0
DA:167,0
DA:168,0
DA:169,0
DA:170,0
DA:171,0
DA:173,0
DA:177,0
DA:178,0
DA:179,0
DA:180,0
DA:184,0
DA:185,0
DA:186,0
DA:187,0
DA:189,0
DA:190,0
DA:192,0
DA:193,0
DA:194,0
DA:195,0
DA:197,0
DA:198,0
DA:204,0
DA:205,0
DA:207,0
DA:208,0
DA:209,0
DA:210,0
DA:211,0
DA:212,0
DA:213,0
DA:214,0
DA:215,0
DA:218,0
DA:222,0
DA:223,0
DA:224,0
DA:226,0
DA:238,0
DA:239,0
DA:240,0
DA:241,0
DA:242,0
DA:243,0
DA:245,0
DA:247,0
DA:253,0
DA:254,0
DA:255,0
DA:257,0
DA:258,0
DA:259,0
DA:260,0
DA:261,0
DA:262,0
DA:263,0
DA:264,0
DA:265,0
DA:271,0
DA:273,0
DA:274,0
DA:275,0
DA:276,0
DA:278,0
DA:281,0
DA:283,0
DA:289,0
DA:290,0
DA:291,0
DA:292,0
DA:293,0
DA:294,0
DA:295,0
DA:297,0
DA:298,0
DA:299,0
DA:300,0
DA:302,0
DA:312,0
DA:313,0
DA:315,0
DA:316,0
DA:317,0
DA:318,0
DA:319,0
DA:320,0
DA:322,0
DA:323,0
DA:329,0
DA:330,0
DA:332,0
DA:333,0
DA:339,0
DA:340,0
DA:341,0
DA:342,0
DA:343,0
DA:344,0
DA:346,0
DA:351,0
DA:352,0
DA:353,0
DA:354,0
DA:355,0
DA:357,0
DA:358,0
DA:360,0
LF:171
LH:0
BRDA:40,0,0,0
BRDA:40,0,1,0
BRDA:48,1,0,0
BRDA:48,1,1,0
BRDA:67,2,0,0
BRDA:67,2,1,0
BRDA:71,3,0,0
BRDA:71,3,1,0
BRDA:87,4,0,0
BRDA:87,4,1,0
BRDA:91,5,0,0
BRDA:91,5,1,0
BRDA:105,6,0,0
BRDA:105,6,1,0
BRDA:109,7,0,0
BRDA:109,7,1,0
BRDA:112,8,0,0
BRDA:112,8,1,0
BRDA:114,9,0,0
BRDA:114,9,1,0
BRDA:167,10,0,0
BRDA:167,10,1,0
BRDA:169,11,0,0
BRDA:169,11,1,0
BRDA:171,12,0,0
BRDA:171,12,1,0
BRDA:177,13,0,0
BRDA:177,13,1,0
BRDA:179,14,0,0
BRDA:179,14,1,0
BRDA:184,15,0,0
BRDA:184,15,1,0
BRDA:187,16,0,0
BRDA:187,16,1,0
BRDA:190,17,0,0
BRDA:190,17,1,0
BRDA:193,18,0,0
BRDA:193,18,1,0
BRDA:195,19,0,0
BRDA:195,19,1,0
BRDA:207,20,0,0
BRDA:207,20,1,0
BRDA:207,21,0,0
BRDA:207,21,1,0
BRDA:223,22,0,0
BRDA:223,22,1,0
BRDA:257,23,0,0
BRDA:257,23,1,0
BRDA:259,24,0,0
BRDA:259,24,1,0
BRDA:261,25,0,0
BRDA:261,25,1,0
BRDA:263,26,0,0
BRDA:263,26,1,0
BRDA:293,27,0,0
BRDA:293,27,1,0
BRDA:295,28,0,0
BRDA:295,28,1,0
BRDA:298,29,0,0
BRDA:298,29,1,0
BRDA:300,30,0,0
BRDA:300,30,1,0
BRDA:312,31,0,0
BRDA:312,31,1,0
BRDA:315,32,0,0
BRDA:315,32,1,0
BRDA:317,33,0,0
BRDA:317,33,1,0
BRDA:317,34,0,0
BRDA:317,34,1,0
BRDA:320,35,0,0
BRDA:320,35,1,0
BRDA:353,36,0,0
BRDA:353,36,1,0
BRDA:353,37,0,0
BRDA:353,37,1,0
BRDA:353,37,2,0
BRF:77
BRH:0
end_of_record
TN:
SF:business/services/BalanceService.ts
FN:24,(anonymous_0)
FN:28,(anonymous_1)
FN:36,(anonymous_2)
FN:40,(anonymous_3)
FN:41,(anonymous_4)
FN:44,(anonymous_5)
FN:48,(anonymous_6)
FN:49,(anonymous_7)
FN:52,(anonymous_8)
FN:53,(anonymous_9)
FN:56,(anonymous_10)
FN:57,(anonymous_11)
FN:61,(anonymous_12)
FN:65,(anonymous_13)
FN:69,(anonymous_14)
FN:74,(anonymous_15)
FN:83,(anonymous_16)
FN:92,(anonymous_17)
FN:105,(anonymous_18)
FNF:19
FNH:19
FNDA:16,(anonymous_0)
FNDA:18,(anonymous_1)
FNDA:6,(anonymous_2)
FNDA:1,(anonymous_3)
FNDA:1,(anonymous_4)
FNDA:3,(anonymous_5)
FNDA:1,(anonymous_6)
FNDA:1,(anonymous_7)
FNDA:10,(anonymous_8)
FNDA:5,(anonymous_9)
FNDA:14,(anonymous_10)
FNDA:2,(anonymous_11)
FNDA:4,(anonymous_12)
FNDA:4,(anonymous_13)
FNDA:6,(anonymous_14)
FNDA:5,(anonymous_15)
FNDA:1,(anonymous_16)
FNDA:5,(anonymous_17)
FNDA:6,(anonymous_18)
DA:13,16
DA:14,16
DA:16,16
DA:17,16
DA:19,16
DA:22,16
DA:25,16
DA:29,18
DA:30,16
DA:32,18
DA:37,6
DA:41,1
DA:45,3
DA:49,1
DA:53,10
DA:57,14
DA:62,4
DA:66,4
DA:70,6
DA:75,5
DA:76,4
DA:78,4
DA:79,4
DA:80,4
DA:81,4
DA:83,4
DA:88,4
DA:89,4
DA:92,4
DA:93,5
DA:94,5
DA:96,4
DA:98,4
DA:99,4
DA:101,4
DA:106,6
DA:107,6
DA:108,6
DA:109,6
DA:110,6
LF:40
LH:40
BRDA:29,0,0,16
BRDA:29,0,1,2
BRDA:75,1,0,1
BRDA:75,1,1,4
BRDA:93,2,0,5
BRDA:93,2,1,0
BRDA:94,3,0,0
BRDA:94,3,1,5
BRF:8
BRH:6
end_of_record
TN:
SF:business/services/ContractService.ts
FN:19,(anonymous_0)
FN:21,(anonymous_1)
FN:31,(anonymous_2)
FN:35,(anonymous_3)
FN:43,(anonymous_4)
FN:47,(anonymous_5)
FN:55,(anonymous_6)
FN:63,(anonymous_7)
FN:76,(anonymous_8)
FN:83,(anonymous_9)
FN:97,(anonymous_10)
FN:111,(anonymous_11)
FN:127,(anonymous_12)
FN:139,(anonymous_13)
FN:143,(anonymous_14)
FN:147,(anonymous_15)
FN:151,(anonymous_16)
FN:155,(anonymous_17)
FN:159,(anonymous_18)
FN:163,(anonymous_19)
FN:167,(anonymous_20)
FN:174,(anonymous_21)
FN:175,(anonymous_22)
FN:180,(anonymous_23)
FN:181,(anonymous_24)
FN:184,(anonymous_25)
FN:185,(anonymous_26)
FN:188,(anonymous_27)
FN:189,(anonymous_28)
FN:192,(anonymous_29)
FN:193,(anonymous_30)
FN:196,(anonymous_31)
FN:197,(anonymous_32)
FN:200,(anonymous_33)
FN:201,(anonymous_34)
FN:204,(anonymous_35)
FN:212,(anonymous_36)
FN:224,(anonymous_37)
FN:225,(anonymous_38)
FN:228,(anonymous_39)
FN:236,(anonymous_40)
FN:248,(anonymous_41)
FN:256,(anonymous_42)
FN:268,(anonymous_43)
FN:277,(anonymous_44)
FN:290,(anonymous_45)
FN:303,(anonymous_46)
FN:323,(anonymous_47)
FN:331,(anonymous_48)
FN:343,(anonymous_49)
FN:347,(anonymous_50)
FN:348,(anonymous_51)
FN:351,(anonymous_52)
FN:352,(anonymous_53)
FN:355,(anonymous_54)
FN:356,(anonymous_55)
FN:361,(anonymous_56)
FN:369,(anonymous_57)
FNF:58
FNH:2
FNDA:1,(anonymous_0)
FNDA:1,(anonymous_1)
FNDA:0,(anonymous_2)
FNDA:0,(anonymous_3)
FNDA:0,(anonymous_4)
FNDA:0,(anonymous_5)
FNDA:0,(anonymous_6)
FNDA:0,(anonymous_7)
FNDA:0,(anonymous_8)
FNDA:0,(anonymous_9)
FNDA:0,(anonymous_10)
FNDA:0,(anonymous_11)
FNDA:0,(anonymous_12)
FNDA:0,(anonymous_13)
FNDA:0,(anonymous_14)
FNDA:0,(anonymous_15)
FNDA:0,(anonymous_16)
FNDA:0,(anonymous_17)
FNDA:0,(anonymous_18)
FNDA:0,(anonymous_19)
FNDA:0,(anonymous_20)
FNDA:0,(anonymous_21)
FNDA:0,(anonymous_22)
FNDA:0,(anonymous_23)
FNDA:0,(anonymous_24)
FNDA:0,(anonymous_25)
FNDA:0,(anonymous_26)
FNDA:0,(anonymous_27)
FNDA:0,(anonymous_28)
FNDA:0,(anonymous_29)
FNDA:0,(anonymous_30)
FNDA:0,(anonymous_31)
FNDA:0,(anonymous_32)
FNDA:0,(anonymous_33)
FNDA:0,(anonymous_34)
FNDA:0,(anonymous_35)
FNDA:0,(anonymous_36)
FNDA:0,(anonymous_37)
FNDA:0,(anonymous_38)
FNDA:0,(anonymous_39)
FNDA:0,(anonymous_40)
FNDA:0,(anonymous_41)
FNDA:0,(anonymous_42)
FNDA:0,(anonymous_43)
FNDA:0,(anonymous_44)
FNDA:0,(anonymous_45)
FNDA:0,(anonymous_46)
FNDA:0,(anonymous_47)
FNDA:0,(anonymous_48)
FNDA:0,(anonymous_49)
FNDA:0,(anonymous_50)
FNDA:0,(anonymous_51)
FNDA:0,(anonymous_52)
FNDA:0,(anonymous_53)
FNDA:0,(anonymous_54)
FNDA:0,(anonymous_55)
FNDA:0,(anonymous_56)
FNDA:0,(anonymous_57)
DA:15,1
DA:16,1
DA:17,1
DA:22,1
DA:23,1
DA:25,1
DA:32,0
DA:36,0
DA:37,0
DA:44,0
DA:48,0
DA:52,0
DA:56,0
DA:57,0
DA:64,0
DA:65,0
DA:66,0
DA:67,0
DA:69,0
DA:70,0
DA:71,0
DA:72,0
DA:73,0
DA:77,0
DA:84,0
DA:85,0
DA:86,0
DA:87,0
DA:88,0
DA:89,0
DA:90,0
DA:92,0
DA:93,0
DA:98,0
DA:99,0
DA:100,0
DA:101,0
DA:102,0
DA:103,0
DA:104,0
DA:106,0
DA:107,0
DA:112,0
DA:113,0
DA:128,0
DA:129,0
DA:130,0
DA:131,0
DA:133,0
DA:140,0
DA:144,0
DA:148,0
DA:152,0
DA:156,0
DA:160,0
DA:164,0
DA:168,0
DA:175,0
DA:176,0
DA:181,0
DA:185,0
DA:189,0
DA:193,0
DA:197,0
DA:201,0
DA:212,0
DA:213,0
DA:225,0
DA:236,0
DA:237,0
DA:256,0
DA:257,0
DA:277,0
DA:278,0
DA:303,0
DA:304,0
DA:331,0
DA:332,0
DA:344,0
DA:348,0
DA:352,0
DA:356,0
DA:357,0
DA:369,0
DA:370,0
LF:85
LH:6
BRDA:22,0,0,1
BRDA:22,0,1,0
BRDA:65,1,0,0
BRDA:65,1,1,0
BRDA:118,2,0,0
BRDA:118,2,1,0
BRDA:120,3,0,0
BRDA:120,3,1,0
BRDA:129,4,0,0
BRDA:129,4,1,0
BRDA:129,5,0,0
BRDA:129,5,1,0
BRDA:314,6,0,0
BRDA:314,6,1,0
BRF:14
BRH:1
end_of_record
TN:
SF:business/services/DeepLinkHandler.ts
FN:9,(anonymous_0)
FN:14,(anonymous_1)
FN:18,(anonymous_2)
FN:29,(anonymous_3)
FN:32,(anonymous_4)
FN:119,(anonymous_5)
FN:131,(anonymous_6)
FN:165,(anonymous_7)
FN:169,(anonymous_8)
FN:176,(anonymous_9)
FN:181,(anonymous_10)
FNF:11
FNH:0
FNDA:0,(anonymous_0)
FNDA:0,(anonymous_1)
FNDA:0,(anonymous_2)
FNDA:0,(anonymous_3)
FNDA:0,(anonymous_4)
FNDA:0,(anonymous_5)
FNDA:0,(anonymous_6)
FNDA:0,(anonymous_7)
FNDA:0,(anonymous_8)
FNDA:0,(anonymous_9)
FNDA:0,(anonymous_10)
DA:6,0
DA:7,0
DA:10,0
DA:11,0
DA:15,0
DA:19,0
DA:20,0
DA:21,0
DA:22,0
DA:23,0
DA:30,0
DA:32,0
DA:34,0
DA:35,0
DA:37,0
DA:38,0
DA:39,0
DA:40,0
DA:42,0
DA:44,0
DA:47,0
DA:48,0
DA:49,0
DA:51,0
DA:53,0
DA:56,0
DA:57,0
DA:59,0
DA:60,0
DA:61,0
DA:63,0
DA:64,0
DA:72,0
DA:73,0
DA:74,0
DA:75,0
DA:77,0
DA:79,0
DA:83,0
DA:84,0
DA:85,0
DA:86,0
DA:90,0
DA:91,0
DA:92,0
DA:93,0
DA:94,0
DA:97,0
DA:98,0
DA:99,0
DA:103,0
DA:104,0
DA:105,0
DA:107,0
DA:108,0
DA:111,0
DA:112,0
DA:121,0
DA:123,0
DA:124,0
DA:127,0
DA:128,0
DA:130,0
DA:131,0
DA:133,0
DA:134,0
DA:137,0
DA:138,0
DA:140,0
DA:143,0
DA:144,0
DA:148,0
DA:149,0
DA:150,0
DA:151,0
DA:152,0
DA:155,0
DA:156,0
DA:157,0
DA:160,0
DA:166,0
DA:167,0
DA:170,0
DA:171,0
DA:177,0
DA:178,0
DA:182,0
DA:183,0
DA:187,0
LF:89
LH:0
BRDA:19,0,0,0
BRDA:19,0,1,0
BRDA:37,1,0,0
BRDA:37,1,1,0
BRDA:39,2,0,0
BRDA:39,2,1,0
BRDA:56,3,0,0
BRDA:56,3,1,0
BRDA:63,4,0,0
BRDA:63,4,1,0
BRDA:63,5,0,0
BRDA:63,5,1,0
BRDA:63,5,2,0
BRDA:72,6,0,0
BRDA:72,6,1,0
BRDA:74,7,0,0
BRDA:74,7,1,0
BRDA:83,8,0,0
BRDA:83,8,1,0
BRDA:90,9,0,0
BRDA:90,9,1,0
BRDA:103,10,0,0
BRDA:103,10,1,0
BRDA:130,11,0,0
BRDA:130,11,1,0
BRDA:130,12,0,0
BRDA:130,12,1,0
BRDA:130,12,2,0
BRDA:140,13,0,0
BRDA:140,13,1,0
BRDA:140,13,2,0
BRDA:140,13,3,0
BRDA:148,14,0,0
BRDA:148,14,1,0
BRDA:155,15,0,0
BRDA:155,15,1,0
BRF:36
BRH:0
end_of_record
TN:
SF:business/services/DepositQrService.ts
FN:16,(anonymous_0)
FN:18,submitDepositTransaction
FN:72,(anonymous_2)
FNF:3
FNH:0
FNDA:0,(anonymous_0)
FNDA:0,submitDepositTransaction
FNDA:0,(anonymous_2)
DA:16,0
DA:24,0
DA:26,0
DA:27,0
DA:30,0
DA:31,0
DA:32,0
DA:33,0
DA:35,0
DA:36,0
DA:38,0
DA:39,0
DA:42,0
DA:43,0
DA:44,0
DA:45,0
DA:47,0
DA:48,0
DA:49,0
DA:52,0
DA:53,0
DA:54,0
DA:57,0
DA:58,0
DA:60,0
DA:61,0
DA:63,0
DA:64,0
DA:66,0
DA:67,0
DA:69,0
DA:71,0
DA:73,0
DA:82,0
DA:84,0
DA:90,0
DA:92,0
DA:98,0
DA:99,0
DA:102,0
DA:103,0
DA:105,0
LF:42
LH:0
BRDA:26,0,0,0
BRDA:26,0,1,0
BRDA:31,1,0,0
BRDA:31,1,1,0
BRDA:32,2,0,0
BRDA:32,2,1,0
BRDA:33,3,0,0
BRDA:33,3,1,0
BRDA:35,4,0,0
BRDA:35,4,1,0
BRDA:38,5,0,0
BRDA:38,5,1,0
BRDA:48,6,0,0
BRDA:48,6,1,0
BRDA:53,7,0,0
BRDA:53,7,1,0
BRDA:58,8,0,0
BRDA:58,8,1,0
BRDA:61,9,0,0
BRDA:61,9,1,0
BRDA:64,10,0,0
BRDA:64,10,1,0
BRDA:67,11,0,0
BRDA:67,11,1,0
BRDA:82,12,0,0
BRDA:82,12,1,0
BRDA:98,13,0,0
BRDA:98,13,1,0
BRF:28
BRH:0
end_of_record
TN:
SF:business/services/LinkingService.ts
FN:15,(anonymous_0)
FN:24,(anonymous_1)
FN:25,(anonymous_2)
FN:31,(anonymous_3)
FNF:4
FNH:0
FNDA:0,(anonymous_0)
FNDA:0,(anonymous_1)
FNDA:0,(anonymous_2)
FNDA:0,(anonymous_3)
DA:5,0
DA:16,0
DA:17,0
DA:19,0
DA:21,0
DA:25,0
DA:26,0
DA:28,0
DA:30,0
DA:31,0
LF:10
LH:0
BRDA:17,0,0,0
BRDA:17,0,1,0
BRF:2
BRH:0
end_of_record
TN:
SF:business/services/RecordService.ts
FN:13,(anonymous_0)
FN:17,(anonymous_1)
FN:25,(anonymous_2)
FN:30,(anonymous_3)
FN:63,(anonymous_4)
FN:85,(anonymous_5)
FN:107,(anonymous_6)
FN:130,(anonymous_7)
FN:135,(anonymous_8)
FNF:9
FNH:0
FNDA:0,(anonymous_0)
FNDA:0,(anonymous_1)
FNDA:0,(anonymous_2)
FNDA:0,(anonymous_3)
FNDA:0,(anonymous_4)
FNDA:0,(anonymous_5)
FNDA:0,(anonymous_6)
FNDA:0,(anonymous_7)
FNDA:0,(anonymous_8)
DA:9,0
DA:10,0
DA:14,0
DA:18,0
DA:19,0
DA:21,0
DA:26,0
DA:31,0
DA:32,0
DA:33,0
DA:34,0
DA:36,0
DA:38,0
DA:39,0
DA:42,0
DA:43,0
DA:44,0
DA:46,0
DA:47,0
DA:48,0
DA:49,0
DA:50,0
DA:51,0
DA:54,0
DA:55,0
DA:57,0
DA:58,0
DA:64,0
DA:65,0
DA:66,0
DA:67,0
DA:69,0
DA:70,0
DA:71,0
DA:74,0
DA:75,0
DA:76,0
DA:77,0
DA:79,0
DA:80,0
DA:86,0
DA:87,0
DA:88,0
DA:89,0
DA:91,0
DA:92,0
DA:93,0
DA:96,0
DA:97,0
DA:98,0
DA:99,0
DA:101,0
DA:102,0
DA:103,0
DA:106,0
DA:107,0
DA:109,0
DA:110,0
DA:111,0
DA:113,0
DA:115,0
DA:116,0
DA:117,0
DA:118,0
DA:121,0
DA:122,0
DA:125,0
DA:131,0
DA:136,0
DA:137,0
LF:70
LH:0
BRDA:18,0,0,0
BRDA:18,0,1,0
BRDA:34,1,0,0
BRDA:34,1,1,0
BRDA:36,2,0,0
BRDA:36,2,1,0
BRDA:46,3,0,0
BRDA:46,3,1,0
BRDA:48,4,0,0
BRDA:48,4,1,0
BRDA:50,5,0,0
BRDA:50,5,1,0
BRDA:50,6,0,0
BRDA:50,6,1,0
BRDA:51,7,0,0
BRDA:51,7,1,0
BRDA:67,8,0,0
BRDA:67,8,1,0
BRDA:69,9,0,0
BRDA:69,9,1,0
BRDA:75,10,0,0
BRDA:75,10,1,0
BRDA:89,11,0,0
BRDA:89,11,1,0
BRDA:91,12,0,0
BRDA:91,12,1,0
BRDA:101,13,0,0
BRDA:101,13,1,0
BRDA:103,14,0,0
BRDA:103,14,1,0
BRDA:106,15,0,0
BRDA:106,15,1,0
BRDA:109,16,0,0
BRDA:109,16,1,0
BRDA:113,17,0,0
BRDA:113,17,1,0
BRDA:117,18,0,0
BRDA:117,18,1,0
BRDA:118,19,0,0
BRDA:118,19,1,0
BRDA:121,20,0,0
BRDA:121,20,1,0
BRF:42
BRH:0
end_of_record
TN:
SF:screens/Send/PingMe/ChannelSelectView.tsx
FN:9,ChannelSelectView
FN:26,(anonymous_1)
FN:35,(anonymous_2)
FN:36,(anonymous_3)
FN:49,(anonymous_4)
FN:59,(anonymous_5)
FNF:6
FNH:6
FNDA:7,ChannelSelectView
FNDA:14,(anonymous_1)
FNDA:7,(anonymous_2)
FNDA:14,(anonymous_3)
FNDA:14,(anonymous_4)
FNDA:2,(anonymous_5)
DA:10,7
DA:24,7
DA:26,14
DA:35,7
DA:36,7
DA:37,14
DA:38,14
DA:47,7
DA:50,14
DA:51,14
DA:59,2
LF:11
LH:11
BRDA:28,0,0,7
BRDA:28,0,1,7
BRDA:39,1,0,7
BRDA:39,1,1,7
BRDA:62,2,0,7
BRDA:62,2,1,7
BRDA:63,3,0,7
BRDA:63,3,1,7
BRDA:66,4,0,7
BRDA:66,4,1,7
BRF:10
BRH:10
end_of_record
TN:
SF:screens/Send/PingMe/ContactList.tsx
FN:22,ContactPickerModal
FN:30,(anonymous_1)
FN:33,(anonymous_2)
FN:48,(anonymous_3)
FN:63,(anonymous_4)
FN:101,(anonymous_5)
FN:102,(anonymous_6)
FN:108,(anonymous_7)
FNF:8
FNH:2
FNDA:1,ContactPickerModal
FNDA:1,(anonymous_1)
FNDA:0,(anonymous_2)
FNDA:0,(anonymous_3)
FNDA:0,(anonymous_4)
FNDA:0,(anonymous_5)
FNDA:0,(anonymous_6)
FNDA:0,(anonymous_7)
DA:27,1
DA:28,1
DA:30,1
DA:31,1
DA:33,0
DA:34,0
DA:35,0
DA:36,0
DA:38,0
DA:39,0
DA:49,0
DA:50,0
DA:55,0
DA:58,0
DA:62,0
DA:63,0
DA:65,0
DA:67,0
DA:68,0
DA:70,0
DA:75,1
DA:101,0
DA:103,0
DA:104,0
DA:109,0
DA:110,0
LF:26
LH:5
BRDA:31,0,0,1
BRDA:31,0,1,0
BRDA:38,1,0,0
BRDA:38,1,1,0
BRDA:41,2,0,0
BRDA:41,2,1,0
BRDA:49,3,0,0
BRDA:49,3,1,0
BRDA:63,4,0,0
BRDA:63,4,1,0
BRDA:85,5,0,0
BRDA:85,5,1,1
BRDA:92,6,0,1
BRDA:92,6,1,0
BRDA:109,7,0,0
BRDA:109,7,1,0
BRDA:117,8,0,0
BRDA:117,8,1,0
BRF:18
BRH:3
end_of_record
TN:
SF:screens/Send/PingMe/EmailRecipientSection.tsx
FN:11,EmailRecipientSection
FN:24,(anonymous_1)
FN:25,(anonymous_2)
FN:66,(anonymous_3)
FNF:4
FNH:3
FNDA:3,EmailRecipientSection
FNDA:3,(anonymous_1)
FNDA:3,(anonymous_2)
FNDA:0,(anonymous_3)
DA:20,3
DA:23,3
DA:25,3
DA:26,3
DA:27,3
DA:33,3
DA:66,0
LF:7
LH:6
BRDA:62,0,0,3
BRDA:62,0,1,0
BRF:2
BRH:1
end_of_record
TN:
SF:screens/Send/PingMe/LockboxDurationView.tsx
FN:13,(anonymous_0)
FN:15,DurationDisplay
FN:32,DurationOption
FN:43,(anonymous_3)
FN:56,DurationModal
FN:82,(anonymous_5)
FN:98,LockboxDurationView
FN:101,(anonymous_7)
FN:109,(anonymous_8)
FN:117,(anonymous_9)
FN:122,(anonymous_10)
FNF:11
FNH:10
FNDA:60,(anonymous_0)
FNDA:14,DurationDisplay
FNDA:60,DurationOption
FNDA:1,(anonymous_3)
FNDA:14,DurationModal
FNDA:420,(anonymous_5)
FNDA:14,LockboxDurationView
FNDA:11,(anonymous_7)
FNDA:1,(anonymous_8)
FNDA:2,(anonymous_9)
FNDA:0,(anonymous_10)
DA:11,2
DA:12,2
DA:13,60
DA:16,14
DA:41,60
DA:43,1
DA:67,14
DA:83,420
DA:99,14
DA:101,14
DA:102,11
DA:103,10
DA:104,10
DA:105,9
DA:106,8
DA:109,14
DA:110,1
DA:111,1
DA:114,14
DA:117,2
DA:122,0
LF:21
LH:20
BRDA:21,0,0,2
BRDA:21,0,1,12
BRDA:45,1,0,2
BRDA:45,1,1,58
BRDA:47,2,0,2
BRDA:47,2,1,58
BRDA:48,3,0,2
BRDA:48,3,1,58
BRDA:50,4,0,2
BRDA:50,4,1,58
BRDA:102,5,0,1
BRDA:102,5,1,10
BRDA:104,6,0,1
BRDA:104,6,1,9
BRDA:105,7,0,1
BRDA:105,7,1,8
BRF:16
BRH:16
end_of_record
TN:
SF:screens/Send/PingMe/PaymentAmountView.tsx
FN:12,PaymentAmountView
FNF:1
FNH:1
FNDA:7,PaymentAmountView
DA:13,7
DA:14,7
LF:2
LH:2
BRDA:13,0,0,1
BRDA:13,0,1,6
BRF:2
BRH:2
end_of_record
TN:
SF:screens/Send/PingMe/PingMeScreen.tsx
FN:30,PingMeScreen
FN:47,(anonymous_1)
FN:93,(anonymous_2)
FN:97,(anonymous_3)
FN:100,(anonymous_4)
FN:114,(anonymous_5)
FN:126,(anonymous_6)
FN:133,(anonymous_7)
FN:143,(anonymous_8)
FN:145,(anonymous_9)
FN:275,(anonymous_10)
FN:282,(anonymous_11)
FN:283,(anonymous_12)
FNF:13
FNH:7
FNDA:1,PingMeScreen
FNDA:1,(anonymous_1)
FNDA:1,(anonymous_2)
FNDA:1,(anonymous_3)
FNDA:0,(anonymous_4)
FNDA:0,(anonymous_5)
FNDA:1,(anonymous_6)
FNDA:1,(anonymous_7)
FNDA:0,(anonymous_8)
FNDA:1,(anonymous_9)
FNDA:0,(anonymous_10)
FNDA:0,(anonymous_11)
FNDA:0,(anonymous_12)
DA:31,1
DA:32,1
DA:33,1
DA:34,1
DA:35,1
DA:36,1
DA:37,1
DA:40,1
DA:41,1
DA:42,1
DA:43,1
DA:44,1
DA:47,1
DA:48,1
DA:49,1
DA:70,0
DA:93,1
DA:94,1
DA:97,1
DA:98,1
DA:101,0
DA:112,1
DA:115,0
DA:126,1
DA:127,1
DA:128,1
DA:133,1
DA:134,1
DA:135,1
DA:136,1
DA:137,1
DA:138,1
DA:139,1
DA:143,1
DA:145,1
DA:147,1
DA:148,1
DA:149,1
DA:150,1
DA:155,1
DA:158,0
DA:159,0
DA:160,0
DA:165,0
DA:168,0
DA:169,0
DA:173,0
DA:174,0
DA:175,0
DA:180,0
DA:183,0
DA:184,0
DA:185,0
DA:190,0
DA:193,0
DA:194,0
DA:195,0
DA:200,0
DA:203,0
DA:204,0
DA:212,0
DA:216,0
DA:217,0
DA:218,0
DA:219,0
DA:224,0
DA:226,0
DA:230,0
DA:239,0
DA:240,0
DA:242,0
DA:249,1
DA:275,0
DA:282,0
DA:284,0
DA:285,0
LF:76
LH:38
BRDA:48,0,0,1
BRDA:48,0,1,0
BRDA:99,1,0,1
BRDA:99,1,1,0
BRDA:113,2,0,1
BRDA:113,2,1,0
BRDA:135,3,0,1
BRDA:135,3,1,0
BRDA:137,4,0,0
BRDA:137,4,1,1
BRDA:137,5,0,1
BRDA:137,5,1,0
BRDA:137,5,2,0
BRDA:138,6,0,0
BRDA:138,6,1,1
BRDA:138,7,0,1
BRDA:138,7,1,0
BRDA:139,8,0,0
BRDA:139,8,1,1
BRDA:139,9,0,1
BRDA:139,9,1,0
BRDA:148,10,0,1
BRDA:148,10,1,0
BRDA:149,11,0,1
BRDA:149,11,1,0
BRDA:159,12,0,0
BRDA:159,12,1,0
BRDA:174,13,0,0
BRDA:174,13,1,0
BRDA:184,14,0,0
BRDA:184,14,1,0
BRDA:184,15,0,0
BRDA:184,15,1,0
BRDA:194,16,0,0
BRDA:194,16,1,0
BRDA:203,17,0,0
BRDA:203,17,1,0
BRDA:217,18,0,0
BRDA:217,18,1,0
BRDA:218,19,0,0
BRDA:218,19,1,0
BRDA:218,20,0,0
BRDA:218,20,1,0
BRDA:218,20,2,0
BRDA:239,21,0,0
BRDA:239,21,1,0
BRDA:271,22,0,1
BRDA:271,22,1,1
BRDA:298,23,0,1
BRDA:298,23,1,0
BRF:50
BRH:15
end_of_record
TN:
SF:screens/Send/PingMe/RecentEmailStorage.ts
FN:9,(anonymous_0)
FN:24,(anonymous_1)
FN:28,(anonymous_2)
FN:43,(anonymous_3)
FNF:4
FNH:4
FNDA:12,(anonymous_0)
FNDA:5,(anonymous_1)
FNDA:13,(anonymous_2)
FNDA:2,(anonymous_3)
DA:3,2
DA:5,2
DA:10,12
DA:11,12
DA:12,11
DA:14,2
DA:15,2
DA:25,5
DA:26,5
DA:27,5
DA:28,13
DA:31,5
DA:32,5
DA:34,4
DA:36,1
DA:44,2
DA:45,2
DA:46,1
DA:48,1
LF:19
LH:19
BRDA:12,0,0,5
BRDA:12,0,1,6
BRF:2
BRH:2
end_of_record
TN:
SF:screens/Send/PingMe/RecentList.tsx
FN:9,RecentList
FN:23,(anonymous_1)
FN:27,(anonymous_2)
FNF:3
FNH:0
FNDA:0,RecentList
FNDA:0,(anonymous_1)
FNDA:0,(anonymous_2)
DA:10,0
DA:24,0
DA:27,0
LF:3
LH:0
BRDA:12,0,0,0
BRDA:12,0,1,0
BRF:2
BRH:0
end_of_record
TN:
SF:screens/Send/PingMe/SendRequestTab.tsx
FN:6,(anonymous_0)
FN:10,(anonymous_1)
FN:21,SendRequestTab
FN:26,(anonymous_3)
FNF:4
FNH:4
FNDA:1,(anonymous_0)
FNDA:1,(anonymous_1)
FNDA:8,SendRequestTab
FNDA:2,(anonymous_3)
DA:6,2
DA:7,1
DA:10,2
DA:11,1
DA:22,8
DA:26,2
LF:6
LH:6
BRDA:7,0,0,1
BRDA:7,0,1,0
BRDA:11,1,0,0
BRDA:11,1,1,1
BRDA:31,2,0,5
BRDA:31,2,1,3
BRF:6
BRH:4
end_of_record
TN:
SF:utils/flashMessage.ts
FN:14,showFlashMessage
FNF:1
FNH:1
FNDA:7,showFlashMessage
DA:21,7
LF:1
LH:1
BRDA:17,0,0,3
BRDA:22,1,0,7
BRDA:22,1,1,6
BRDA:23,2,0,1
BRDA:23,2,1,6
BRDA:25,3,0,7
BRDA:25,3,1,6
BRDA:25,4,0,3
BRDA:25,4,1,3
BRF:9
BRH:9
end_of_record
